{"numFailedTestSuites":0,"numFailedTests":0,"numPassedTestSuites":6,"numPassedTests":57,"numPendingTestSuites":0,"numPendingTests":0,"numRuntimeErrorTestSuites":0,"numTodoTests":0,"numTotalTestSuites":6,"numTotalTests":57,"openHandles":[],"snapshot":{"added":0,"didUpdate":false,"failure":false,"filesAdded":0,"filesRemoved":0,"filesRemovedList":[],"filesUnmatched":0,"filesUpdated":0,"matched":0,"total":0,"unchecked":0,"uncheckedKeysByFile":[],"unmatched":0,"updated":0},"startTime":1764831143774,"success":true,"testResults":[{"assertionResults":[{"ancestorTitles":["Attendance Service Integration Tests","Check-in/Check-out","POST /api/attendance/check-in - Employee Check-in"],"duration":9,"failureDetails":[],"failureMessages":[],"fullName":"Attendance Service Integration Tests Check-in/Check-out POST /api/attendance/check-in - Employee Check-in should record employee check-in","invocations":1,"location":null,"numPassingAsserts":0,"retryReasons":[],"status":"passed","title":"should record employee check-in"},{"ancestorTitles":["Attendance Service Integration Tests","Check-in/Check-out","POST /api/attendance/check-out - Employee Check-out"],"duration":2,"failureDetails":[],"failureMessages":[],"fullName":"Attendance Service Integration Tests Check-in/Check-out POST /api/attendance/check-out - Employee Check-out should record employee check-out","invocations":1,"location":null,"numPassingAsserts":0,"retryReasons":[],"status":"passed","title":"should record employee check-out"},{"ancestorTitles":["Attendance Service Integration Tests","Attendance Records","GET /api/attendance - List Attendance Records"],"duration":82,"failureDetails":[],"failureMessages":[],"fullName":"Attendance Service Integration Tests Attendance Records GET /api/attendance - List Attendance Records should return list of attendance records","invocations":1,"location":null,"numPassingAsserts":0,"retryReasons":[],"status":"passed","title":"should return list of attendance records"},{"ancestorTitles":["Attendance Service Integration Tests","Attendance Records","GET /api/attendance - List Attendance Records"],"duration":6,"failureDetails":[],"failureMessages":[],"fullName":"Attendance Service Integration Tests Attendance Records GET /api/attendance - List Attendance Records should filter attendance by date range","invocations":1,"location":null,"numPassingAsserts":0,"retryReasons":[],"status":"passed","title":"should filter attendance by date range"},{"ancestorTitles":["Attendance Service Integration Tests","Attendance Records","GET /api/attendance - List Attendance Records"],"duration":1,"failureDetails":[],"failureMessages":[],"fullName":"Attendance Service Integration Tests Attendance Records GET /api/attendance - List Attendance Records should filter attendance by employee","invocations":1,"location":null,"numPassingAsserts":0,"retryReasons":[],"status":"passed","title":"should filter attendance by employee"},{"ancestorTitles":["Attendance Service Integration Tests","Attendance Records","GET /api/attendance/summary - Get Attendance Summary"],"duration":5,"failureDetails":[],"failureMessages":[],"fullName":"Attendance Service Integration Tests Attendance Records GET /api/attendance/summary - Get Attendance Summary should return attendance summary","invocations":1,"location":null,"numPassingAsserts":0,"retryReasons":[],"status":"passed","title":"should return attendance summary"},{"ancestorTitles":["Attendance Service Integration Tests","Attendance Records","GET /api/attendance/daily-status - Get Daily Status"],"duration":6,"failureDetails":[],"failureMessages":[],"fullName":"Attendance Service Integration Tests Attendance Records GET /api/attendance/daily-status - Get Daily Status should return daily attendance status","invocations":1,"location":null,"numPassingAsserts":0,"retryReasons":[],"status":"passed","title":"should return daily attendance status"},{"ancestorTitles":["Attendance Service Integration Tests","Bulk Operations","POST /api/attendance/bulk - Bulk Mark Attendance"],"duration":1,"failureDetails":[],"failureMessages":[],"fullName":"Attendance Service Integration Tests Bulk Operations POST /api/attendance/bulk - Bulk Mark Attendance should mark attendance for multiple employees","invocations":1,"location":null,"numPassingAsserts":0,"retryReasons":[],"status":"passed","title":"should mark attendance for multiple employees"}],"endTime":1764831145917,"message":"","name":"C:\\Users\\KishoreUdatha\\IdeaProjects\\HRM\\tests\\integration\\attendance.test.ts","startTime":1764831144450,"status":"passed","summary":""},{"assertionResults":[{"ancestorTitles":["Employee Service Integration Tests","Department Management","POST /api/employees/departments - Create Department"],"duration":88,"failureDetails":[],"failureMessages":[],"fullName":"Employee Service Integration Tests Department Management POST /api/employees/departments - Create Department should create a new department","invocations":1,"location":null,"numPassingAsserts":0,"retryReasons":[],"status":"passed","title":"should create a new department"},{"ancestorTitles":["Employee Service Integration Tests","Department Management","GET /api/employees/departments - List Departments"],"duration":20,"failureDetails":[],"failureMessages":[],"fullName":"Employee Service Integration Tests Department Management GET /api/employees/departments - List Departments should return list of departments","invocations":1,"location":null,"numPassingAsserts":0,"retryReasons":[],"status":"passed","title":"should return list of departments"},{"ancestorTitles":["Employee Service Integration Tests","Employee Management","POST /api/employees - Create Employee"],"duration":3,"failureDetails":[],"failureMessages":[],"fullName":"Employee Service Integration Tests Employee Management POST /api/employees - Create Employee should create a new employee","invocations":1,"location":null,"numPassingAsserts":0,"retryReasons":[],"status":"passed","title":"should create a new employee"},{"ancestorTitles":["Employee Service Integration Tests","Employee Management","GET /api/employees - List Employees"],"duration":4,"failureDetails":[],"failureMessages":[],"fullName":"Employee Service Integration Tests Employee Management GET /api/employees - List Employees should return paginated list of employees","invocations":1,"location":null,"numPassingAsserts":0,"retryReasons":[],"status":"passed","title":"should return paginated list of employees"},{"ancestorTitles":["Employee Service Integration Tests","Employee Management","GET /api/employees - List Employees"],"duration":1,"failureDetails":[],"failureMessages":[],"fullName":"Employee Service Integration Tests Employee Management GET /api/employees - List Employees should filter employees by department","invocations":1,"location":null,"numPassingAsserts":0,"retryReasons":[],"status":"passed","title":"should filter employees by department"},{"ancestorTitles":["Employee Service Integration Tests","Employee Management","GET /api/employees/:id - Get Employee by ID"],"duration":1,"failureDetails":[],"failureMessages":[],"fullName":"Employee Service Integration Tests Employee Management GET /api/employees/:id - Get Employee by ID should return employee details","invocations":1,"location":null,"numPassingAsserts":0,"retryReasons":[],"status":"passed","title":"should return employee details"},{"ancestorTitles":["Employee Service Integration Tests","Employee Management","GET /api/employees/:id - Get Employee by ID"],"duration":3,"failureDetails":[],"failureMessages":[],"fullName":"Employee Service Integration Tests Employee Management GET /api/employees/:id - Get Employee by ID should return 404 for non-existent employee","invocations":1,"location":null,"numPassingAsserts":0,"retryReasons":[],"status":"passed","title":"should return 404 for non-existent employee"},{"ancestorTitles":["Employee Service Integration Tests","Employee Management","PUT /api/employees/:id - Update Employee"],"duration":1,"failureDetails":[],"failureMessages":[],"fullName":"Employee Service Integration Tests Employee Management PUT /api/employees/:id - Update Employee should update employee details","invocations":1,"location":null,"numPassingAsserts":0,"retryReasons":[],"status":"passed","title":"should update employee details"},{"ancestorTitles":["Employee Service Integration Tests","Dashboard Statistics","GET /api/employees/dashboard/stats - Get Dashboard Stats"],"duration":3,"failureDetails":[],"failureMessages":[],"fullName":"Employee Service Integration Tests Dashboard Statistics GET /api/employees/dashboard/stats - Get Dashboard Stats should return dashboard statistics","invocations":1,"location":null,"numPassingAsserts":0,"retryReasons":[],"status":"passed","title":"should return dashboard statistics"}],"endTime":1764831145965,"message":"","name":"C:\\Users\\KishoreUdatha\\IdeaProjects\\HRM\\tests\\integration\\employee.test.ts","startTime":1764831144456,"status":"passed","summary":""},{"assertionResults":[{"ancestorTitles":["Service Health Check Tests","Service Availability"],"duration":113,"failureDetails":[],"failureMessages":[],"fullName":"Service Health Check Tests Service Availability API Gateway should be healthy","invocations":1,"location":null,"numPassingAsserts":1,"retryReasons":[],"status":"passed","title":"API Gateway should be healthy"},{"ancestorTitles":["Service Health Check Tests","Service Availability"],"duration":5,"failureDetails":[],"failureMessages":[],"fullName":"Service Health Check Tests Service Availability Auth Service should be healthy","invocations":1,"location":null,"numPassingAsserts":1,"retryReasons":[],"status":"passed","title":"Auth Service should be healthy"},{"ancestorTitles":["Service Health Check Tests","Service Availability"],"duration":4,"failureDetails":[],"failureMessages":[],"fullName":"Service Health Check Tests Service Availability Employee Service should be healthy","invocations":1,"location":null,"numPassingAsserts":1,"retryReasons":[],"status":"passed","title":"Employee Service should be healthy"},{"ancestorTitles":["Service Health Check Tests","Service Availability"],"duration":4,"failureDetails":[],"failureMessages":[],"fullName":"Service Health Check Tests Service Availability Leave Service should be healthy","invocations":1,"location":null,"numPassingAsserts":1,"retryReasons":[],"status":"passed","title":"Leave Service should be healthy"},{"ancestorTitles":["Service Health Check Tests","Service Availability"],"duration":6,"failureDetails":[],"failureMessages":[],"fullName":"Service Health Check Tests Service Availability Attendance Service should be healthy","invocations":1,"location":null,"numPassingAsserts":1,"retryReasons":[],"status":"passed","title":"Attendance Service should be healthy"},{"ancestorTitles":["Service Health Check Tests","Service Availability"],"duration":6,"failureDetails":[],"failureMessages":[],"fullName":"Service Health Check Tests Service Availability Payroll Service should be healthy","invocations":1,"location":null,"numPassingAsserts":1,"retryReasons":[],"status":"passed","title":"Payroll Service should be healthy"},{"ancestorTitles":["Service Health Check Tests","Service Availability"],"duration":4,"failureDetails":[],"failureMessages":[],"fullName":"Service Health Check Tests Service Availability Tenant Service should be healthy","invocations":1,"location":null,"numPassingAsserts":1,"retryReasons":[],"status":"passed","title":"Tenant Service should be healthy"},{"ancestorTitles":["Service Health Check Tests","Service Availability"],"duration":3,"failureDetails":[],"failureMessages":[],"fullName":"Service Health Check Tests Service Availability Notification Service should be healthy","invocations":1,"location":null,"numPassingAsserts":1,"retryReasons":[],"status":"passed","title":"Notification Service should be healthy"},{"ancestorTitles":["Service Health Check Tests","API Gateway Routing"],"duration":3,"failureDetails":[],"failureMessages":[],"fullName":"Service Health Check Tests API Gateway Routing should route to auth service","invocations":1,"location":null,"numPassingAsserts":0,"retryReasons":[],"status":"passed","title":"should route to auth service"},{"ancestorTitles":["Service Health Check Tests","API Gateway Routing"],"duration":3,"failureDetails":[],"failureMessages":[],"fullName":"Service Health Check Tests API Gateway Routing should route to employee service","invocations":1,"location":null,"numPassingAsserts":0,"retryReasons":[],"status":"passed","title":"should route to employee service"},{"ancestorTitles":["Service Health Check Tests","Database Connectivity"],"duration":3,"failureDetails":[],"failureMessages":[],"fullName":"Service Health Check Tests Database Connectivity should have MongoDB connection","invocations":1,"location":null,"numPassingAsserts":0,"retryReasons":[],"status":"passed","title":"should have MongoDB connection"},{"ancestorTitles":["Service Health Check Tests","Response Format"],"duration":3,"failureDetails":[],"failureMessages":[],"fullName":"Service Health Check Tests Response Format should return JSON responses","invocations":1,"location":null,"numPassingAsserts":0,"retryReasons":[],"status":"passed","title":"should return JSON responses"},{"ancestorTitles":["Service Health Check Tests","Response Format"],"duration":4,"failureDetails":[],"failureMessages":[],"fullName":"Service Health Check Tests Response Format should include CORS headers","invocations":1,"location":null,"numPassingAsserts":0,"retryReasons":[],"status":"passed","title":"should include CORS headers"}],"endTime":1764831145993,"message":"","name":"C:\\Users\\KishoreUdatha\\IdeaProjects\\HRM\\tests\\integration\\health.test.ts","startTime":1764831144450,"status":"passed","summary":""},{"assertionResults":[{"ancestorTitles":["Leave Service Integration Tests","Leave Types Management","GET /api/leaves/types - List Leave Types"],"duration":105,"failureDetails":[],"failureMessages":[],"fullName":"Leave Service Integration Tests Leave Types Management GET /api/leaves/types - List Leave Types should return list of leave types","invocations":1,"location":null,"numPassingAsserts":0,"retryReasons":[],"status":"passed","title":"should return list of leave types"},{"ancestorTitles":["Leave Service Integration Tests","Leave Types Management","POST /api/leaves/types - Create Leave Type"],"duration":6,"failureDetails":[],"failureMessages":[],"fullName":"Leave Service Integration Tests Leave Types Management POST /api/leaves/types - Create Leave Type should create a new leave type","invocations":1,"location":null,"numPassingAsserts":0,"retryReasons":[],"status":"passed","title":"should create a new leave type"},{"ancestorTitles":["Leave Service Integration Tests","Leave Requests","POST /api/leaves - Create Leave Request"],"duration":1,"failureDetails":[],"failureMessages":[],"fullName":"Leave Service Integration Tests Leave Requests POST /api/leaves - Create Leave Request should create a new leave request","invocations":1,"location":null,"numPassingAsserts":0,"retryReasons":[],"status":"passed","title":"should create a new leave request"},{"ancestorTitles":["Leave Service Integration Tests","Leave Requests","GET /api/leaves - List Leave Requests"],"duration":4,"failureDetails":[],"failureMessages":[],"fullName":"Leave Service Integration Tests Leave Requests GET /api/leaves - List Leave Requests should return list of leave requests","invocations":1,"location":null,"numPassingAsserts":0,"retryReasons":[],"status":"passed","title":"should return list of leave requests"},{"ancestorTitles":["Leave Service Integration Tests","Leave Requests","GET /api/leaves - List Leave Requests"],"duration":3,"failureDetails":[],"failureMessages":[],"fullName":"Leave Service Integration Tests Leave Requests GET /api/leaves - List Leave Requests should filter leaves by status","invocations":1,"location":null,"numPassingAsserts":0,"retryReasons":[],"status":"passed","title":"should filter leaves by status"},{"ancestorTitles":["Leave Service Integration Tests","Leave Requests","PATCH /api/leaves/:id/approve - Approve Leave"],"duration":2,"failureDetails":[],"failureMessages":[],"fullName":"Leave Service Integration Tests Leave Requests PATCH /api/leaves/:id/approve - Approve Leave should approve a leave request","invocations":1,"location":null,"numPassingAsserts":0,"retryReasons":[],"status":"passed","title":"should approve a leave request"},{"ancestorTitles":["Leave Service Integration Tests","Holidays","GET /api/leaves/holidays - List Holidays"],"duration":4,"failureDetails":[],"failureMessages":[],"fullName":"Leave Service Integration Tests Holidays GET /api/leaves/holidays - List Holidays should return list of holidays","invocations":1,"location":null,"numPassingAsserts":0,"retryReasons":[],"status":"passed","title":"should return list of holidays"},{"ancestorTitles":["Leave Service Integration Tests","Holidays","POST /api/leaves/holidays - Create Holiday"],"duration":3,"failureDetails":[],"failureMessages":[],"fullName":"Leave Service Integration Tests Holidays POST /api/leaves/holidays - Create Holiday should create a new holiday","invocations":1,"location":null,"numPassingAsserts":0,"retryReasons":[],"status":"passed","title":"should create a new holiday"},{"ancestorTitles":["Leave Service Integration Tests","Leave Balance","GET /api/leaves/balance/:employeeId - Get Leave Balance"],"duration":1,"failureDetails":[],"failureMessages":[],"fullName":"Leave Service Integration Tests Leave Balance GET /api/leaves/balance/:employeeId - Get Leave Balance should return employee leave balance","invocations":1,"location":null,"numPassingAsserts":0,"retryReasons":[],"status":"passed","title":"should return employee leave balance"}],"endTime":1764831146011,"message":"","name":"C:\\Users\\KishoreUdatha\\IdeaProjects\\HRM\\tests\\integration\\leave.test.ts","startTime":1764831144465,"status":"passed","summary":""},{"assertionResults":[{"ancestorTitles":["Payroll Service Integration Tests","Salary Structure Management","POST /api/payroll/structures - Create Salary Structure"],"duration":109,"failureDetails":[],"failureMessages":[],"fullName":"Payroll Service Integration Tests Salary Structure Management POST /api/payroll/structures - Create Salary Structure should create a new salary structure","invocations":1,"location":null,"numPassingAsserts":0,"retryReasons":[],"status":"passed","title":"should create a new salary structure"},{"ancestorTitles":["Payroll Service Integration Tests","Salary Structure Management","GET /api/payroll/structures - List Salary Structures"],"duration":6,"failureDetails":[],"failureMessages":[],"fullName":"Payroll Service Integration Tests Salary Structure Management GET /api/payroll/structures - List Salary Structures should return list of salary structures","invocations":1,"location":null,"numPassingAsserts":0,"retryReasons":[],"status":"passed","title":"should return list of salary structures"},{"ancestorTitles":["Payroll Service Integration Tests","Employee Salary Assignment","POST /api/payroll/employee-salary - Assign Salary"],"duration":2,"failureDetails":[],"failureMessages":[],"fullName":"Payroll Service Integration Tests Employee Salary Assignment POST /api/payroll/employee-salary - Assign Salary should assign salary structure to employee","invocations":1,"location":null,"numPassingAsserts":0,"retryReasons":[],"status":"passed","title":"should assign salary structure to employee"},{"ancestorTitles":["Payroll Service Integration Tests","Employee Salary Assignment","GET /api/payroll/employee-salary/:employeeId - Get Employee Salary"],"duration":2,"failureDetails":[],"failureMessages":[],"fullName":"Payroll Service Integration Tests Employee Salary Assignment GET /api/payroll/employee-salary/:employeeId - Get Employee Salary should return employee salary details","invocations":1,"location":null,"numPassingAsserts":0,"retryReasons":[],"status":"passed","title":"should return employee salary details"},{"ancestorTitles":["Payroll Service Integration Tests","Payroll Generation","POST /api/payroll/generate - Generate Payroll"],"duration":1,"failureDetails":[],"failureMessages":[],"fullName":"Payroll Service Integration Tests Payroll Generation POST /api/payroll/generate - Generate Payroll should generate payroll for an employee","invocations":1,"location":null,"numPassingAsserts":0,"retryReasons":[],"status":"passed","title":"should generate payroll for an employee"},{"ancestorTitles":["Payroll Service Integration Tests","Payroll Generation","POST /api/payroll/generate/bulk - Bulk Generate Payroll"],"duration":3,"failureDetails":[],"failureMessages":[],"fullName":"Payroll Service Integration Tests Payroll Generation POST /api/payroll/generate/bulk - Bulk Generate Payroll should generate payroll for all employees","invocations":1,"location":null,"numPassingAsserts":0,"retryReasons":[],"status":"passed","title":"should generate payroll for all employees"},{"ancestorTitles":["Payroll Service Integration Tests","Payroll Records","GET /api/payroll - List Payrolls"],"duration":3,"failureDetails":[],"failureMessages":[],"fullName":"Payroll Service Integration Tests Payroll Records GET /api/payroll - List Payrolls should return list of payroll records","invocations":1,"location":null,"numPassingAsserts":0,"retryReasons":[],"status":"passed","title":"should return list of payroll records"},{"ancestorTitles":["Payroll Service Integration Tests","Payroll Records","GET /api/payroll - List Payrolls"],"duration":3,"failureDetails":[],"failureMessages":[],"fullName":"Payroll Service Integration Tests Payroll Records GET /api/payroll - List Payrolls should filter payrolls by month and year","invocations":1,"location":null,"numPassingAsserts":0,"retryReasons":[],"status":"passed","title":"should filter payrolls by month and year"},{"ancestorTitles":["Payroll Service Integration Tests","Payroll Records","GET /api/payroll/summary - Get Payroll Summary"],"duration":4,"failureDetails":[],"failureMessages":[],"fullName":"Payroll Service Integration Tests Payroll Records GET /api/payroll/summary - Get Payroll Summary should return payroll summary","invocations":1,"location":null,"numPassingAsserts":0,"retryReasons":[],"status":"passed","title":"should return payroll summary"},{"ancestorTitles":["Payroll Service Integration Tests","Payroll Processing","PATCH /api/payroll/:id/process - Process Payroll"],"duration":0,"failureDetails":[],"failureMessages":[],"fullName":"Payroll Service Integration Tests Payroll Processing PATCH /api/payroll/:id/process - Process Payroll should process a payroll record","invocations":1,"location":null,"numPassingAsserts":0,"retryReasons":[],"status":"passed","title":"should process a payroll record"},{"ancestorTitles":["Payroll Service Integration Tests","Payroll Processing","PATCH /api/payroll/:id/pay - Mark as Paid"],"duration":1,"failureDetails":[],"failureMessages":[],"fullName":"Payroll Service Integration Tests Payroll Processing PATCH /api/payroll/:id/pay - Mark as Paid should mark payroll as paid","invocations":1,"location":null,"numPassingAsserts":0,"retryReasons":[],"status":"passed","title":"should mark payroll as paid"}],"endTime":1764831146012,"message":"","name":"C:\\Users\\KishoreUdatha\\IdeaProjects\\HRM\\tests\\integration\\payroll.test.ts","startTime":1764831144463,"status":"passed","summary":""},{"assertionResults":[{"ancestorTitles":["Authentication Service Integration Tests","POST /api/auth/register - Tenant Registration"],"duration":54,"failureDetails":[],"failureMessages":[],"fullName":"Authentication Service Integration Tests POST /api/auth/register - Tenant Registration should register a new tenant successfully","invocations":1,"location":null,"numPassingAsserts":0,"retryReasons":[],"status":"passed","title":"should register a new tenant successfully"},{"ancestorTitles":["Authentication Service Integration Tests","POST /api/auth/register - Tenant Registration"],"duration":2,"failureDetails":[],"failureMessages":[],"fullName":"Authentication Service Integration Tests POST /api/auth/register - Tenant Registration should reject duplicate email registration","invocations":1,"location":null,"numPassingAsserts":0,"retryReasons":[],"status":"passed","title":"should reject duplicate email registration"},{"ancestorTitles":["Authentication Service Integration Tests","POST /api/auth/login - User Login"],"duration":3,"failureDetails":[],"failureMessages":[],"fullName":"Authentication Service Integration Tests POST /api/auth/login - User Login should login with valid credentials","invocations":1,"location":null,"numPassingAsserts":0,"retryReasons":[],"status":"passed","title":"should login with valid credentials"},{"ancestorTitles":["Authentication Service Integration Tests","POST /api/auth/login - User Login"],"duration":2,"failureDetails":[],"failureMessages":[],"fullName":"Authentication Service Integration Tests POST /api/auth/login - User Login should reject invalid credentials","invocations":1,"location":null,"numPassingAsserts":0,"retryReasons":[],"status":"passed","title":"should reject invalid credentials"},{"ancestorTitles":["Authentication Service Integration Tests","GET /api/auth/me - Get Current User"],"duration":1,"failureDetails":[],"failureMessages":[],"fullName":"Authentication Service Integration Tests GET /api/auth/me - Get Current User should return current user profile","invocations":1,"location":null,"numPassingAsserts":0,"retryReasons":[],"status":"passed","title":"should return current user profile"},{"ancestorTitles":["Authentication Service Integration Tests","GET /api/auth/me - Get Current User"],"duration":2,"failureDetails":[],"failureMessages":[],"fullName":"Authentication Service Integration Tests GET /api/auth/me - Get Current User should reject unauthorized request","invocations":1,"location":null,"numPassingAsserts":0,"retryReasons":[],"status":"passed","title":"should reject unauthorized request"},{"ancestorTitles":["Authentication Service Integration Tests","POST /api/auth/refresh - Token Refresh"],"duration":1,"failureDetails":[],"failureMessages":[],"fullName":"Authentication Service Integration Tests POST /api/auth/refresh - Token Refresh should refresh access token","invocations":1,"location":null,"numPassingAsserts":0,"retryReasons":[],"status":"passed","title":"should refresh access token"}],"endTime":1764831146240,"message":"","name":"C:\\Users\\KishoreUdatha\\IdeaProjects\\HRM\\tests\\integration\\auth.test.ts","startTime":1764831144452,"status":"passed","summary":""}],"wasInterrupted":false}
