{"numFailedTestSuites":0,"numFailedTests":0,"numPassedTestSuites":26,"numPassedTests":261,"numPendingTestSuites":0,"numPendingTests":0,"numRuntimeErrorTestSuites":0,"numTodoTests":0,"numTotalTestSuites":26,"numTotalTests":261,"openHandles":[],"snapshot":{"added":0,"didUpdate":false,"failure":false,"filesAdded":0,"filesRemoved":0,"filesRemovedList":[],"filesUnmatched":0,"filesUpdated":0,"matched":0,"total":0,"unchecked":0,"uncheckedKeysByFile":[],"unmatched":0,"updated":0},"startTime":1764834625328,"success":true,"testResults":[{"assertionResults":[{"ancestorTitles":["AI Chatbot Service Integration Tests","Chat Conversations","POST /api/chatbot/chat - Send Message"],"duration":16,"failureDetails":[],"failureMessages":[],"fullName":"AI Chatbot Service Integration Tests Chat Conversations POST /api/chatbot/chat - Send Message should send a message to chatbot","invocations":1,"location":null,"numPassingAsserts":0,"retryReasons":[],"status":"passed","title":"should send a message to chatbot"},{"ancestorTitles":["AI Chatbot Service Integration Tests","Chat Conversations","GET /api/chatbot/conversations/:sessionId - Get Conversation"],"duration":6,"failureDetails":[],"failureMessages":[],"fullName":"AI Chatbot Service Integration Tests Chat Conversations GET /api/chatbot/conversations/:sessionId - Get Conversation should return conversation history","invocations":1,"location":null,"numPassingAsserts":0,"retryReasons":[],"status":"passed","title":"should return conversation history"},{"ancestorTitles":["AI Chatbot Service Integration Tests","Chat Conversations","POST /api/chatbot/conversations/:sessionId/feedback/:messageId - Submit Feedback"],"duration":3,"failureDetails":[],"failureMessages":[],"fullName":"AI Chatbot Service Integration Tests Chat Conversations POST /api/chatbot/conversations/:sessionId/feedback/:messageId - Submit Feedback should submit feedback on response","invocations":1,"location":null,"numPassingAsserts":0,"retryReasons":[],"status":"passed","title":"should submit feedback on response"},{"ancestorTitles":["AI Chatbot Service Integration Tests","Chat Conversations","POST /api/chatbot/conversations/:sessionId/escalate - Escalate Conversation"],"duration":4,"failureDetails":[],"failureMessages":[],"fullName":"AI Chatbot Service Integration Tests Chat Conversations POST /api/chatbot/conversations/:sessionId/escalate - Escalate Conversation should escalate to human agent","invocations":1,"location":null,"numPassingAsserts":0,"retryReasons":[],"status":"passed","title":"should escalate to human agent"},{"ancestorTitles":["AI Chatbot Service Integration Tests","Knowledge Base","POST /api/chatbot/knowledge - Create Article"],"duration":4,"failureDetails":[],"failureMessages":[],"fullName":"AI Chatbot Service Integration Tests Knowledge Base POST /api/chatbot/knowledge - Create Article should create a knowledge article","invocations":1,"location":null,"numPassingAsserts":0,"retryReasons":[],"status":"passed","title":"should create a knowledge article"},{"ancestorTitles":["AI Chatbot Service Integration Tests","Knowledge Base","GET /api/chatbot/knowledge - List Articles"],"duration":3,"failureDetails":[],"failureMessages":[],"fullName":"AI Chatbot Service Integration Tests Knowledge Base GET /api/chatbot/knowledge - List Articles should return knowledge articles","invocations":1,"location":null,"numPassingAsserts":0,"retryReasons":[],"status":"passed","title":"should return knowledge articles"},{"ancestorTitles":["AI Chatbot Service Integration Tests","Intent Management","POST /api/chatbot/intents - Create Intent"],"duration":3,"failureDetails":[],"failureMessages":[],"fullName":"AI Chatbot Service Integration Tests Intent Management POST /api/chatbot/intents - Create Intent should create a chatbot intent","invocations":1,"location":null,"numPassingAsserts":0,"retryReasons":[],"status":"passed","title":"should create a chatbot intent"},{"ancestorTitles":["AI Chatbot Service Integration Tests","Intent Management","GET /api/chatbot/intents - List Intents"],"duration":4,"failureDetails":[],"failureMessages":[],"fullName":"AI Chatbot Service Integration Tests Intent Management GET /api/chatbot/intents - List Intents should return chatbot intents","invocations":1,"location":null,"numPassingAsserts":0,"retryReasons":[],"status":"passed","title":"should return chatbot intents"},{"ancestorTitles":["AI Chatbot Service Integration Tests","Analytics","GET /api/chatbot/analytics - Get Chatbot Analytics"],"duration":3,"failureDetails":[],"failureMessages":[],"fullName":"AI Chatbot Service Integration Tests Analytics GET /api/chatbot/analytics - Get Chatbot Analytics should return chatbot analytics","invocations":1,"location":null,"numPassingAsserts":0,"retryReasons":[],"status":"passed","title":"should return chatbot analytics"}],"endTime":1764834629366,"message":"","name":"C:\\Users\\KishoreUdatha\\IdeaProjects\\HRM\\tests\\integration\\ai-chatbot.test.ts","startTime":1764834626142,"status":"passed","summary":""},{"assertionResults":[{"ancestorTitles":["Recruitment Service Integration Tests","Job Postings","POST /api/recruitment/jobs - Create Job Posting"],"duration":13,"failureDetails":[],"failureMessages":[],"fullName":"Recruitment Service Integration Tests Job Postings POST /api/recruitment/jobs - Create Job Posting should create a new job posting","invocations":1,"location":null,"numPassingAsserts":0,"retryReasons":[],"status":"passed","title":"should create a new job posting"},{"ancestorTitles":["Recruitment Service Integration Tests","Job Postings","GET /api/recruitment/jobs - List Job Postings"],"duration":4,"failureDetails":[],"failureMessages":[],"fullName":"Recruitment Service Integration Tests Job Postings GET /api/recruitment/jobs - List Job Postings should return list of job postings","invocations":1,"location":null,"numPassingAsserts":0,"retryReasons":[],"status":"passed","title":"should return list of job postings"},{"ancestorTitles":["Recruitment Service Integration Tests","Job Postings","POST /api/recruitment/jobs/:id/publish - Publish Job"],"duration":5,"failureDetails":[],"failureMessages":[],"fullName":"Recruitment Service Integration Tests Job Postings POST /api/recruitment/jobs/:id/publish - Publish Job should publish a job posting","invocations":1,"location":null,"numPassingAsserts":0,"retryReasons":[],"status":"passed","title":"should publish a job posting"},{"ancestorTitles":["Recruitment Service Integration Tests","Candidates","POST /api/recruitment/candidates - Create Candidate"],"duration":24,"failureDetails":[],"failureMessages":[],"fullName":"Recruitment Service Integration Tests Candidates POST /api/recruitment/candidates - Create Candidate should create a new candidate","invocations":1,"location":null,"numPassingAsserts":0,"retryReasons":[],"status":"passed","title":"should create a new candidate"},{"ancestorTitles":["Recruitment Service Integration Tests","Candidates","GET /api/recruitment/candidates - List Candidates"],"duration":6,"failureDetails":[],"failureMessages":[],"fullName":"Recruitment Service Integration Tests Candidates GET /api/recruitment/candidates - List Candidates should return list of candidates","invocations":1,"location":null,"numPassingAsserts":0,"retryReasons":[],"status":"passed","title":"should return list of candidates"},{"ancestorTitles":["Recruitment Service Integration Tests","Applications","POST /api/recruitment/applications - Submit Application"],"duration":6,"failureDetails":[],"failureMessages":[],"fullName":"Recruitment Service Integration Tests Applications POST /api/recruitment/applications - Submit Application should submit a job application","invocations":1,"location":null,"numPassingAsserts":0,"retryReasons":[],"status":"passed","title":"should submit a job application"},{"ancestorTitles":["Recruitment Service Integration Tests","Applications","GET /api/recruitment/applications - List Applications"],"duration":10,"failureDetails":[],"failureMessages":[],"fullName":"Recruitment Service Integration Tests Applications GET /api/recruitment/applications - List Applications should return list of applications","invocations":1,"location":null,"numPassingAsserts":0,"retryReasons":[],"status":"passed","title":"should return list of applications"},{"ancestorTitles":["Recruitment Service Integration Tests","Applications","POST /api/recruitment/applications/:id/stage - Update Stage"],"duration":6,"failureDetails":[],"failureMessages":[],"fullName":"Recruitment Service Integration Tests Applications POST /api/recruitment/applications/:id/stage - Update Stage should update application stage","invocations":1,"location":null,"numPassingAsserts":0,"retryReasons":[],"status":"passed","title":"should update application stage"},{"ancestorTitles":["Recruitment Service Integration Tests","Interviews","POST /api/recruitment/interviews - Schedule Interview"],"duration":15,"failureDetails":[],"failureMessages":[],"fullName":"Recruitment Service Integration Tests Interviews POST /api/recruitment/interviews - Schedule Interview should schedule an interview","invocations":1,"location":null,"numPassingAsserts":0,"retryReasons":[],"status":"passed","title":"should schedule an interview"},{"ancestorTitles":["Recruitment Service Integration Tests","Interviews","GET /api/recruitment/interviews - List Interviews"],"duration":8,"failureDetails":[],"failureMessages":[],"fullName":"Recruitment Service Integration Tests Interviews GET /api/recruitment/interviews - List Interviews should return list of interviews","invocations":1,"location":null,"numPassingAsserts":0,"retryReasons":[],"status":"passed","title":"should return list of interviews"},{"ancestorTitles":["Recruitment Service Integration Tests","Offers","POST /api/recruitment/offers - Create Offer"],"duration":4,"failureDetails":[],"failureMessages":[],"fullName":"Recruitment Service Integration Tests Offers POST /api/recruitment/offers - Create Offer should create a job offer","invocations":1,"location":null,"numPassingAsserts":0,"retryReasons":[],"status":"passed","title":"should create a job offer"}],"endTime":1764834629374,"message":"","name":"C:\\Users\\KishoreUdatha\\IdeaProjects\\HRM\\tests\\integration\\recruitment.test.ts","startTime":1764834626140,"status":"passed","summary":""},{"assertionResults":[{"ancestorTitles":["Localization Service Integration Tests","Languages","GET /api/localization/languages - List Languages"],"duration":49,"failureDetails":[],"failureMessages":[],"fullName":"Localization Service Integration Tests Languages GET /api/localization/languages - List Languages should return list of supported languages","invocations":1,"location":null,"numPassingAsserts":0,"retryReasons":[],"status":"passed","title":"should return list of supported languages"},{"ancestorTitles":["Localization Service Integration Tests","Languages","POST /api/localization/languages - Add Language"],"duration":23,"failureDetails":[],"failureMessages":[],"fullName":"Localization Service Integration Tests Languages POST /api/localization/languages - Add Language should add a new language","invocations":1,"location":null,"numPassingAsserts":0,"retryReasons":[],"status":"passed","title":"should add a new language"},{"ancestorTitles":["Localization Service Integration Tests","Languages","POST /api/localization/languages/seed - Seed Languages"],"duration":9,"failureDetails":[],"failureMessages":[],"fullName":"Localization Service Integration Tests Languages POST /api/localization/languages/seed - Seed Languages should seed default languages","invocations":1,"location":null,"numPassingAsserts":0,"retryReasons":[],"status":"passed","title":"should seed default languages"},{"ancestorTitles":["Localization Service Integration Tests","Translations","GET /api/localization/translations - Get All Translations"],"duration":8,"failureDetails":[],"failureMessages":[],"fullName":"Localization Service Integration Tests Translations GET /api/localization/translations - Get All Translations should return all translations","invocations":1,"location":null,"numPassingAsserts":0,"retryReasons":[],"status":"passed","title":"should return all translations"},{"ancestorTitles":["Localization Service Integration Tests","Translations","GET /api/localization/translations/:languageCode/:namespace - Get Namespace Translations"],"duration":8,"failureDetails":[],"failureMessages":[],"fullName":"Localization Service Integration Tests Translations GET /api/localization/translations/:languageCode/:namespace - Get Namespace Translations should return translations by namespace","invocations":1,"location":null,"numPassingAsserts":0,"retryReasons":[],"status":"passed","title":"should return translations by namespace"},{"ancestorTitles":["Localization Service Integration Tests","Translations","POST /api/localization/translations - Upsert Translation"],"duration":6,"failureDetails":[],"failureMessages":[],"fullName":"Localization Service Integration Tests Translations POST /api/localization/translations - Upsert Translation should upsert a translation","invocations":1,"location":null,"numPassingAsserts":0,"retryReasons":[],"status":"passed","title":"should upsert a translation"},{"ancestorTitles":["Localization Service Integration Tests","Translations","POST /api/localization/translations/bulk - Bulk Upsert Translations"],"duration":4,"failureDetails":[],"failureMessages":[],"fullName":"Localization Service Integration Tests Translations POST /api/localization/translations/bulk - Bulk Upsert Translations should bulk upsert translations","invocations":1,"location":null,"numPassingAsserts":0,"retryReasons":[],"status":"passed","title":"should bulk upsert translations"},{"ancestorTitles":["Localization Service Integration Tests","Currencies","GET /api/localization/currencies - List Currencies"],"duration":7,"failureDetails":[],"failureMessages":[],"fullName":"Localization Service Integration Tests Currencies GET /api/localization/currencies - List Currencies should return list of currencies","invocations":1,"location":null,"numPassingAsserts":0,"retryReasons":[],"status":"passed","title":"should return list of currencies"},{"ancestorTitles":["Localization Service Integration Tests","Currencies","POST /api/localization/currencies - Add Currency"],"duration":5,"failureDetails":[],"failureMessages":[],"fullName":"Localization Service Integration Tests Currencies POST /api/localization/currencies - Add Currency should add a new currency","invocations":1,"location":null,"numPassingAsserts":0,"retryReasons":[],"status":"passed","title":"should add a new currency"},{"ancestorTitles":["Localization Service Integration Tests","Currencies","POST /api/localization/currencies/seed - Seed Currencies"],"duration":4,"failureDetails":[],"failureMessages":[],"fullName":"Localization Service Integration Tests Currencies POST /api/localization/currencies/seed - Seed Currencies should seed default currencies","invocations":1,"location":null,"numPassingAsserts":0,"retryReasons":[],"status":"passed","title":"should seed default currencies"},{"ancestorTitles":["Localization Service Integration Tests","Currencies","GET /api/localization/currencies/convert - Convert Currency"],"duration":14,"failureDetails":[],"failureMessages":[],"fullName":"Localization Service Integration Tests Currencies GET /api/localization/currencies/convert - Convert Currency should convert between currencies","invocations":1,"location":null,"numPassingAsserts":0,"retryReasons":[],"status":"passed","title":"should convert between currencies"},{"ancestorTitles":["Localization Service Integration Tests","Tenant Localization","GET /api/localization/tenant - Get Tenant Localization"],"duration":7,"failureDetails":[],"failureMessages":[],"fullName":"Localization Service Integration Tests Tenant Localization GET /api/localization/tenant - Get Tenant Localization should return tenant localization settings","invocations":1,"location":null,"numPassingAsserts":0,"retryReasons":[],"status":"passed","title":"should return tenant localization settings"},{"ancestorTitles":["Localization Service Integration Tests","Tenant Localization","PUT /api/localization/tenant - Update Tenant Localization"],"duration":8,"failureDetails":[],"failureMessages":[],"fullName":"Localization Service Integration Tests Tenant Localization PUT /api/localization/tenant - Update Tenant Localization should update tenant localization settings","invocations":1,"location":null,"numPassingAsserts":0,"retryReasons":[],"status":"passed","title":"should update tenant localization settings"}],"endTime":1764834629392,"message":"","name":"C:\\Users\\KishoreUdatha\\IdeaProjects\\HRM\\tests\\integration\\localization.test.ts","startTime":1764834626181,"status":"passed","summary":""},{"assertionResults":[{"ancestorTitles":["Benefits Service Integration Tests","Benefit Plans","POST /api/benefits/plans - Create Benefit Plan"],"duration":13,"failureDetails":[],"failureMessages":[],"fullName":"Benefits Service Integration Tests Benefit Plans POST /api/benefits/plans - Create Benefit Plan should create a new benefit plan","invocations":1,"location":null,"numPassingAsserts":0,"retryReasons":[],"status":"passed","title":"should create a new benefit plan"},{"ancestorTitles":["Benefits Service Integration Tests","Benefit Plans","GET /api/benefits/plans - List Benefit Plans"],"duration":13,"failureDetails":[],"failureMessages":[],"fullName":"Benefits Service Integration Tests Benefit Plans GET /api/benefits/plans - List Benefit Plans should return list of benefit plans","invocations":1,"location":null,"numPassingAsserts":0,"retryReasons":[],"status":"passed","title":"should return list of benefit plans"},{"ancestorTitles":["Benefits Service Integration Tests","Enrollments","POST /api/benefits/enrollments - Enroll in Benefits"],"duration":6,"failureDetails":[],"failureMessages":[],"fullName":"Benefits Service Integration Tests Enrollments POST /api/benefits/enrollments - Enroll in Benefits should enroll employee in benefit plan","invocations":1,"location":null,"numPassingAsserts":0,"retryReasons":[],"status":"passed","title":"should enroll employee in benefit plan"},{"ancestorTitles":["Benefits Service Integration Tests","Enrollments","GET /api/benefits/enrollments/:employeeId - Get Employee Enrollments"],"duration":5,"failureDetails":[],"failureMessages":[],"fullName":"Benefits Service Integration Tests Enrollments GET /api/benefits/enrollments/:employeeId - Get Employee Enrollments should return employee benefit enrollments","invocations":1,"location":null,"numPassingAsserts":0,"retryReasons":[],"status":"passed","title":"should return employee benefit enrollments"},{"ancestorTitles":["Benefits Service Integration Tests","Claims","POST /api/benefits/claims - Submit Claim"],"duration":20,"failureDetails":[],"failureMessages":[],"fullName":"Benefits Service Integration Tests Claims POST /api/benefits/claims - Submit Claim should submit a benefit claim","invocations":1,"location":null,"numPassingAsserts":0,"retryReasons":[],"status":"passed","title":"should submit a benefit claim"},{"ancestorTitles":["Benefits Service Integration Tests","Claims","GET /api/benefits/claims - List Claims"],"duration":25,"failureDetails":[],"failureMessages":[],"fullName":"Benefits Service Integration Tests Claims GET /api/benefits/claims - List Claims should return list of benefit claims","invocations":1,"location":null,"numPassingAsserts":0,"retryReasons":[],"status":"passed","title":"should return list of benefit claims"},{"ancestorTitles":["Benefits Service Integration Tests","Wellness Programs","GET /api/benefits/wellness - List Wellness Programs"],"duration":13,"failureDetails":[],"failureMessages":[],"fullName":"Benefits Service Integration Tests Wellness Programs GET /api/benefits/wellness - List Wellness Programs should return list of wellness programs","invocations":1,"location":null,"numPassingAsserts":0,"retryReasons":[],"status":"passed","title":"should return list of wellness programs"},{"ancestorTitles":["Benefits Service Integration Tests","Wellness Programs","POST /api/benefits/wellness/activities - Log Activity"],"duration":16,"failureDetails":[],"failureMessages":[],"fullName":"Benefits Service Integration Tests Wellness Programs POST /api/benefits/wellness/activities - Log Activity should log a wellness activity","invocations":1,"location":null,"numPassingAsserts":0,"retryReasons":[],"status":"passed","title":"should log a wellness activity"}],"endTime":1764834629472,"message":"","name":"C:\\Users\\KishoreUdatha\\IdeaProjects\\HRM\\tests\\integration\\benefits.test.ts","startTime":1764834626185,"status":"passed","summary":""},{"assertionResults":[{"ancestorTitles":["Payroll Service Integration Tests","Salary Structure Management","POST /api/payroll/structures - Create Salary Structure"],"duration":78,"failureDetails":[],"failureMessages":[],"fullName":"Payroll Service Integration Tests Salary Structure Management POST /api/payroll/structures - Create Salary Structure should create a new salary structure","invocations":1,"location":null,"numPassingAsserts":0,"retryReasons":[],"status":"passed","title":"should create a new salary structure"},{"ancestorTitles":["Payroll Service Integration Tests","Salary Structure Management","GET /api/payroll/structures - List Salary Structures"],"duration":5,"failureDetails":[],"failureMessages":[],"fullName":"Payroll Service Integration Tests Salary Structure Management GET /api/payroll/structures - List Salary Structures should return list of salary structures","invocations":1,"location":null,"numPassingAsserts":0,"retryReasons":[],"status":"passed","title":"should return list of salary structures"},{"ancestorTitles":["Payroll Service Integration Tests","Employee Salary Assignment","POST /api/payroll/employee-salary - Assign Salary"],"duration":1,"failureDetails":[],"failureMessages":[],"fullName":"Payroll Service Integration Tests Employee Salary Assignment POST /api/payroll/employee-salary - Assign Salary should assign salary structure to employee","invocations":1,"location":null,"numPassingAsserts":0,"retryReasons":[],"status":"passed","title":"should assign salary structure to employee"},{"ancestorTitles":["Payroll Service Integration Tests","Employee Salary Assignment","GET /api/payroll/employee-salary/:employeeId - Get Employee Salary"],"duration":0,"failureDetails":[],"failureMessages":[],"fullName":"Payroll Service Integration Tests Employee Salary Assignment GET /api/payroll/employee-salary/:employeeId - Get Employee Salary should return employee salary details","invocations":1,"location":null,"numPassingAsserts":0,"retryReasons":[],"status":"passed","title":"should return employee salary details"},{"ancestorTitles":["Payroll Service Integration Tests","Payroll Generation","POST /api/payroll/generate - Generate Payroll"],"duration":0,"failureDetails":[],"failureMessages":[],"fullName":"Payroll Service Integration Tests Payroll Generation POST /api/payroll/generate - Generate Payroll should generate payroll for an employee","invocations":1,"location":null,"numPassingAsserts":0,"retryReasons":[],"status":"passed","title":"should generate payroll for an employee"},{"ancestorTitles":["Payroll Service Integration Tests","Payroll Generation","POST /api/payroll/generate/bulk - Bulk Generate Payroll"],"duration":3,"failureDetails":[],"failureMessages":[],"fullName":"Payroll Service Integration Tests Payroll Generation POST /api/payroll/generate/bulk - Bulk Generate Payroll should generate payroll for all employees","invocations":1,"location":null,"numPassingAsserts":0,"retryReasons":[],"status":"passed","title":"should generate payroll for all employees"},{"ancestorTitles":["Payroll Service Integration Tests","Payroll Records","GET /api/payroll - List Payrolls"],"duration":2,"failureDetails":[],"failureMessages":[],"fullName":"Payroll Service Integration Tests Payroll Records GET /api/payroll - List Payrolls should return list of payroll records","invocations":1,"location":null,"numPassingAsserts":0,"retryReasons":[],"status":"passed","title":"should return list of payroll records"},{"ancestorTitles":["Payroll Service Integration Tests","Payroll Records","GET /api/payroll - List Payrolls"],"duration":3,"failureDetails":[],"failureMessages":[],"fullName":"Payroll Service Integration Tests Payroll Records GET /api/payroll - List Payrolls should filter payrolls by month and year","invocations":1,"location":null,"numPassingAsserts":0,"retryReasons":[],"status":"passed","title":"should filter payrolls by month and year"},{"ancestorTitles":["Payroll Service Integration Tests","Payroll Records","GET /api/payroll/summary - Get Payroll Summary"],"duration":4,"failureDetails":[],"failureMessages":[],"fullName":"Payroll Service Integration Tests Payroll Records GET /api/payroll/summary - Get Payroll Summary should return payroll summary","invocations":1,"location":null,"numPassingAsserts":0,"retryReasons":[],"status":"passed","title":"should return payroll summary"},{"ancestorTitles":["Payroll Service Integration Tests","Payroll Processing","PATCH /api/payroll/:id/process - Process Payroll"],"duration":1,"failureDetails":[],"failureMessages":[],"fullName":"Payroll Service Integration Tests Payroll Processing PATCH /api/payroll/:id/process - Process Payroll should process a payroll record","invocations":1,"location":null,"numPassingAsserts":0,"retryReasons":[],"status":"passed","title":"should process a payroll record"},{"ancestorTitles":["Payroll Service Integration Tests","Payroll Processing","PATCH /api/payroll/:id/pay - Mark as Paid"],"duration":1,"failureDetails":[],"failureMessages":[],"fullName":"Payroll Service Integration Tests Payroll Processing PATCH /api/payroll/:id/pay - Mark as Paid should mark payroll as paid","invocations":1,"location":null,"numPassingAsserts":0,"retryReasons":[],"status":"passed","title":"should mark payroll as paid"}],"endTime":1764834629653,"message":"","name":"C:\\Users\\KishoreUdatha\\IdeaProjects\\HRM\\tests\\integration\\payroll.test.ts","startTime":1764834629477,"status":"passed","summary":""},{"assertionResults":[{"ancestorTitles":["Document Service Integration Tests","Document Management","GET /api/documents - List Documents"],"duration":4,"failureDetails":[],"failureMessages":[],"fullName":"Document Service Integration Tests Document Management GET /api/documents - List Documents should return list of documents","invocations":1,"location":null,"numPassingAsserts":0,"retryReasons":[],"status":"passed","title":"should return list of documents"},{"ancestorTitles":["Document Service Integration Tests","Document Management","GET /api/documents/expiring - Get Expiring Documents"],"duration":3,"failureDetails":[],"failureMessages":[],"fullName":"Document Service Integration Tests Document Management GET /api/documents/expiring - Get Expiring Documents should return expiring documents","invocations":1,"location":null,"numPassingAsserts":0,"retryReasons":[],"status":"passed","title":"should return expiring documents"},{"ancestorTitles":["Document Service Integration Tests","Document Management","POST /api/documents/:id/share - Share Document"],"duration":10,"failureDetails":[],"failureMessages":[],"fullName":"Document Service Integration Tests Document Management POST /api/documents/:id/share - Share Document should share a document","invocations":1,"location":null,"numPassingAsserts":0,"retryReasons":[],"status":"passed","title":"should share a document"},{"ancestorTitles":["Document Service Integration Tests","Document Management","POST /api/documents/:id/sign - Sign Document"],"duration":15,"failureDetails":[],"failureMessages":[],"fullName":"Document Service Integration Tests Document Management POST /api/documents/:id/sign - Sign Document should request document signature","invocations":1,"location":null,"numPassingAsserts":0,"retryReasons":[],"status":"passed","title":"should request document signature"},{"ancestorTitles":["Document Service Integration Tests","Document Management","GET /api/documents/:id/audit - Get Audit Trail"],"duration":28,"failureDetails":[],"failureMessages":[],"fullName":"Document Service Integration Tests Document Management GET /api/documents/:id/audit - Get Audit Trail should return document audit trail","invocations":1,"location":null,"numPassingAsserts":0,"retryReasons":[],"status":"passed","title":"should return document audit trail"},{"ancestorTitles":["Document Service Integration Tests","Document Templates","POST /api/documents/templates - Create Template"],"duration":22,"failureDetails":[],"failureMessages":[],"fullName":"Document Service Integration Tests Document Templates POST /api/documents/templates - Create Template should create a document template","invocations":1,"location":null,"numPassingAsserts":0,"retryReasons":[],"status":"passed","title":"should create a document template"},{"ancestorTitles":["Document Service Integration Tests","Document Templates","GET /api/documents/templates - List Templates"],"duration":7,"failureDetails":[],"failureMessages":[],"fullName":"Document Service Integration Tests Document Templates GET /api/documents/templates - List Templates should return list of templates","invocations":1,"location":null,"numPassingAsserts":0,"retryReasons":[],"status":"passed","title":"should return list of templates"},{"ancestorTitles":["Document Service Integration Tests","Document Templates","GET /api/documents/templates/:id - Get Template"],"duration":11,"failureDetails":[],"failureMessages":[],"fullName":"Document Service Integration Tests Document Templates GET /api/documents/templates/:id - Get Template should return template details","invocations":1,"location":null,"numPassingAsserts":0,"retryReasons":[],"status":"passed","title":"should return template details"}],"endTime":1764834629688,"message":"","name":"C:\\Users\\KishoreUdatha\\IdeaProjects\\HRM\\tests\\integration\\document.test.ts","startTime":1764834629373,"status":"passed","summary":""},{"assertionResults":[{"ancestorTitles":["Grievance Service Integration Tests","Grievance Management","POST /api/grievances - Submit Grievance"],"duration":13,"failureDetails":[],"failureMessages":[],"fullName":"Grievance Service Integration Tests Grievance Management POST /api/grievances - Submit Grievance should submit a new grievance","invocations":1,"location":null,"numPassingAsserts":0,"retryReasons":[],"status":"passed","title":"should submit a new grievance"},{"ancestorTitles":["Grievance Service Integration Tests","Grievance Management","GET /api/grievances - List Grievances"],"duration":12,"failureDetails":[],"failureMessages":[],"fullName":"Grievance Service Integration Tests Grievance Management GET /api/grievances - List Grievances should return list of grievances","invocations":1,"location":null,"numPassingAsserts":0,"retryReasons":[],"status":"passed","title":"should return list of grievances"},{"ancestorTitles":["Grievance Service Integration Tests","Grievance Management","GET /api/grievances/:id - Get Grievance Details"],"duration":25,"failureDetails":[],"failureMessages":[],"fullName":"Grievance Service Integration Tests Grievance Management GET /api/grievances/:id - Get Grievance Details should return grievance details","invocations":1,"location":null,"numPassingAsserts":0,"retryReasons":[],"status":"passed","title":"should return grievance details"},{"ancestorTitles":["Grievance Service Integration Tests","Grievance Actions","POST /api/grievances/:id/assign - Assign Grievance"],"duration":4,"failureDetails":[],"failureMessages":[],"fullName":"Grievance Service Integration Tests Grievance Actions POST /api/grievances/:id/assign - Assign Grievance should assign grievance to handler","invocations":1,"location":null,"numPassingAsserts":0,"retryReasons":[],"status":"passed","title":"should assign grievance to handler"},{"ancestorTitles":["Grievance Service Integration Tests","Grievance Actions","POST /api/grievances/:id/escalate - Escalate Grievance"],"duration":4,"failureDetails":[],"failureMessages":[],"fullName":"Grievance Service Integration Tests Grievance Actions POST /api/grievances/:id/escalate - Escalate Grievance should escalate grievance","invocations":1,"location":null,"numPassingAsserts":0,"retryReasons":[],"status":"passed","title":"should escalate grievance"},{"ancestorTitles":["Grievance Service Integration Tests","Grievance Actions","POST /api/grievances/:id/evidence - Add Evidence"],"duration":4,"failureDetails":[],"failureMessages":[],"fullName":"Grievance Service Integration Tests Grievance Actions POST /api/grievances/:id/evidence - Add Evidence should add evidence to grievance","invocations":1,"location":null,"numPassingAsserts":0,"retryReasons":[],"status":"passed","title":"should add evidence to grievance"},{"ancestorTitles":["Grievance Service Integration Tests","Investigation","POST /api/grievances/:id/investigation/start - Start Investigation"],"duration":4,"failureDetails":[],"failureMessages":[],"fullName":"Grievance Service Integration Tests Investigation POST /api/grievances/:id/investigation/start - Start Investigation should start grievance investigation","invocations":1,"location":null,"numPassingAsserts":0,"retryReasons":[],"status":"passed","title":"should start grievance investigation"},{"ancestorTitles":["Grievance Service Integration Tests","Investigation","POST /api/grievances/:id/investigation/findings - Submit Findings"],"duration":4,"failureDetails":[],"failureMessages":[],"fullName":"Grievance Service Integration Tests Investigation POST /api/grievances/:id/investigation/findings - Submit Findings should submit investigation findings","invocations":1,"location":null,"numPassingAsserts":0,"retryReasons":[],"status":"passed","title":"should submit investigation findings"},{"ancestorTitles":["Grievance Service Integration Tests","Resolution","POST /api/grievances/:id/resolve - Resolve Grievance"],"duration":3,"failureDetails":[],"failureMessages":[],"fullName":"Grievance Service Integration Tests Resolution POST /api/grievances/:id/resolve - Resolve Grievance should resolve grievance","invocations":1,"location":null,"numPassingAsserts":0,"retryReasons":[],"status":"passed","title":"should resolve grievance"},{"ancestorTitles":["Grievance Service Integration Tests","Resolution","POST /api/grievances/:id/close - Close Grievance"],"duration":3,"failureDetails":[],"failureMessages":[],"fullName":"Grievance Service Integration Tests Resolution POST /api/grievances/:id/close - Close Grievance should close grievance","invocations":1,"location":null,"numPassingAsserts":0,"retryReasons":[],"status":"passed","title":"should close grievance"},{"ancestorTitles":["Grievance Service Integration Tests","Statistics","GET /api/grievances/stats - Get Grievance Statistics"],"duration":3,"failureDetails":[],"failureMessages":[],"fullName":"Grievance Service Integration Tests Statistics GET /api/grievances/stats - Get Grievance Statistics should return grievance statistics","invocations":1,"location":null,"numPassingAsserts":0,"retryReasons":[],"status":"passed","title":"should return grievance statistics"}],"endTime":1764834629723,"message":"","name":"C:\\Users\\KishoreUdatha\\IdeaProjects\\HRM\\tests\\integration\\grievance.test.ts","startTime":1764834626327,"status":"passed","summary":""},{"assertionResults":[{"ancestorTitles":["Service Health Check Tests","Service Availability"],"duration":67,"failureDetails":[],"failureMessages":[],"fullName":"Service Health Check Tests Service Availability API Gateway should be healthy","invocations":1,"location":null,"numPassingAsserts":1,"retryReasons":[],"status":"passed","title":"API Gateway should be healthy"},{"ancestorTitles":["Service Health Check Tests","Service Availability"],"duration":3,"failureDetails":[],"failureMessages":[],"fullName":"Service Health Check Tests Service Availability Auth Service should be healthy","invocations":1,"location":null,"numPassingAsserts":1,"retryReasons":[],"status":"passed","title":"Auth Service should be healthy"},{"ancestorTitles":["Service Health Check Tests","Service Availability"],"duration":5,"failureDetails":[],"failureMessages":[],"fullName":"Service Health Check Tests Service Availability Employee Service should be healthy","invocations":1,"location":null,"numPassingAsserts":1,"retryReasons":[],"status":"passed","title":"Employee Service should be healthy"},{"ancestorTitles":["Service Health Check Tests","Service Availability"],"duration":3,"failureDetails":[],"failureMessages":[],"fullName":"Service Health Check Tests Service Availability Leave Service should be healthy","invocations":1,"location":null,"numPassingAsserts":1,"retryReasons":[],"status":"passed","title":"Leave Service should be healthy"},{"ancestorTitles":["Service Health Check Tests","Service Availability"],"duration":10,"failureDetails":[],"failureMessages":[],"fullName":"Service Health Check Tests Service Availability Attendance Service should be healthy","invocations":1,"location":null,"numPassingAsserts":1,"retryReasons":[],"status":"passed","title":"Attendance Service should be healthy"},{"ancestorTitles":["Service Health Check Tests","Service Availability"],"duration":16,"failureDetails":[],"failureMessages":[],"fullName":"Service Health Check Tests Service Availability Payroll Service should be healthy","invocations":1,"location":null,"numPassingAsserts":1,"retryReasons":[],"status":"passed","title":"Payroll Service should be healthy"},{"ancestorTitles":["Service Health Check Tests","Service Availability"],"duration":18,"failureDetails":[],"failureMessages":[],"fullName":"Service Health Check Tests Service Availability Tenant Service should be healthy","invocations":1,"location":null,"numPassingAsserts":1,"retryReasons":[],"status":"passed","title":"Tenant Service should be healthy"},{"ancestorTitles":["Service Health Check Tests","Service Availability"],"duration":28,"failureDetails":[],"failureMessages":[],"fullName":"Service Health Check Tests Service Availability Notification Service should be healthy","invocations":1,"location":null,"numPassingAsserts":1,"retryReasons":[],"status":"passed","title":"Notification Service should be healthy"},{"ancestorTitles":["Service Health Check Tests","API Gateway Routing"],"duration":3,"failureDetails":[],"failureMessages":[],"fullName":"Service Health Check Tests API Gateway Routing should route to auth service","invocations":1,"location":null,"numPassingAsserts":0,"retryReasons":[],"status":"passed","title":"should route to auth service"},{"ancestorTitles":["Service Health Check Tests","API Gateway Routing"],"duration":14,"failureDetails":[],"failureMessages":[],"fullName":"Service Health Check Tests API Gateway Routing should route to employee service","invocations":1,"location":null,"numPassingAsserts":0,"retryReasons":[],"status":"passed","title":"should route to employee service"},{"ancestorTitles":["Service Health Check Tests","Database Connectivity"],"duration":12,"failureDetails":[],"failureMessages":[],"fullName":"Service Health Check Tests Database Connectivity should have MongoDB connection","invocations":1,"location":null,"numPassingAsserts":0,"retryReasons":[],"status":"passed","title":"should have MongoDB connection"},{"ancestorTitles":["Service Health Check Tests","Response Format"],"duration":28,"failureDetails":[],"failureMessages":[],"fullName":"Service Health Check Tests Response Format should return JSON responses","invocations":1,"location":null,"numPassingAsserts":0,"retryReasons":[],"status":"passed","title":"should return JSON responses"},{"ancestorTitles":["Service Health Check Tests","Response Format"],"duration":23,"failureDetails":[],"failureMessages":[],"fullName":"Service Health Check Tests Response Format should include CORS headers","invocations":1,"location":null,"numPassingAsserts":0,"retryReasons":[],"status":"passed","title":"should include CORS headers"}],"endTime":1764834629735,"message":"","name":"C:\\Users\\KishoreUdatha\\IdeaProjects\\HRM\\tests\\integration\\health.test.ts","startTime":1764834629398,"status":"passed","summary":""},{"assertionResults":[{"ancestorTitles":["Expense Service Integration Tests","Expense Categories","POST /api/expenses/categories - Create Category"],"duration":13,"failureDetails":[],"failureMessages":[],"fullName":"Expense Service Integration Tests Expense Categories POST /api/expenses/categories - Create Category should create an expense category","invocations":1,"location":null,"numPassingAsserts":0,"retryReasons":[],"status":"passed","title":"should create an expense category"},{"ancestorTitles":["Expense Service Integration Tests","Expense Categories","GET /api/expenses/categories - List Categories"],"duration":5,"failureDetails":[],"failureMessages":[],"fullName":"Expense Service Integration Tests Expense Categories GET /api/expenses/categories - List Categories should return list of expense categories","invocations":1,"location":null,"numPassingAsserts":0,"retryReasons":[],"status":"passed","title":"should return list of expense categories"},{"ancestorTitles":["Expense Service Integration Tests","Expenses","POST /api/expenses - Create Expense"],"duration":9,"failureDetails":[],"failureMessages":[],"fullName":"Expense Service Integration Tests Expenses POST /api/expenses - Create Expense should create a new expense","invocations":1,"location":null,"numPassingAsserts":0,"retryReasons":[],"status":"passed","title":"should create a new expense"},{"ancestorTitles":["Expense Service Integration Tests","Expenses","GET /api/expenses - List Expenses"],"duration":28,"failureDetails":[],"failureMessages":[],"fullName":"Expense Service Integration Tests Expenses GET /api/expenses - List Expenses should return list of expenses","invocations":1,"location":null,"numPassingAsserts":0,"retryReasons":[],"status":"passed","title":"should return list of expenses"},{"ancestorTitles":["Expense Service Integration Tests","Expense Reports","POST /api/expenses/reports - Create Report"],"duration":14,"failureDetails":[],"failureMessages":[],"fullName":"Expense Service Integration Tests Expense Reports POST /api/expenses/reports - Create Report should create an expense report","invocations":1,"location":null,"numPassingAsserts":0,"retryReasons":[],"status":"passed","title":"should create an expense report"},{"ancestorTitles":["Expense Service Integration Tests","Expense Reports","GET /api/expenses/reports - List Reports"],"duration":42,"failureDetails":[],"failureMessages":[],"fullName":"Expense Service Integration Tests Expense Reports GET /api/expenses/reports - List Reports should return list of expense reports","invocations":1,"location":null,"numPassingAsserts":0,"retryReasons":[],"status":"passed","title":"should return list of expense reports"},{"ancestorTitles":["Expense Service Integration Tests","Expense Reports","POST /api/expenses/reports/:id/submit - Submit Report"],"duration":12,"failureDetails":[],"failureMessages":[],"fullName":"Expense Service Integration Tests Expense Reports POST /api/expenses/reports/:id/submit - Submit Report should submit expense report for approval","invocations":1,"location":null,"numPassingAsserts":0,"retryReasons":[],"status":"passed","title":"should submit expense report for approval"},{"ancestorTitles":["Expense Service Integration Tests","Travel Requests","POST /api/expenses/travel-requests - Create Travel Request"],"duration":6,"failureDetails":[],"failureMessages":[],"fullName":"Expense Service Integration Tests Travel Requests POST /api/expenses/travel-requests - Create Travel Request should create a travel request","invocations":1,"location":null,"numPassingAsserts":0,"retryReasons":[],"status":"passed","title":"should create a travel request"},{"ancestorTitles":["Expense Service Integration Tests","Travel Requests","GET /api/expenses/travel-requests - List Travel Requests"],"duration":13,"failureDetails":[],"failureMessages":[],"fullName":"Expense Service Integration Tests Travel Requests GET /api/expenses/travel-requests - List Travel Requests should return list of travel requests","invocations":1,"location":null,"numPassingAsserts":0,"retryReasons":[],"status":"passed","title":"should return list of travel requests"}],"endTime":1764834629742,"message":"","name":"C:\\Users\\KishoreUdatha\\IdeaProjects\\HRM\\tests\\integration\\expense.test.ts","startTime":1764834626205,"status":"passed","summary":""},{"assertionResults":[{"ancestorTitles":["Analytics Service Integration Tests","KPI Management","POST /api/analytics/kpis - Create KPI"],"duration":25,"failureDetails":[],"failureMessages":[],"fullName":"Analytics Service Integration Tests KPI Management POST /api/analytics/kpis - Create KPI should create a new KPI","invocations":1,"location":null,"numPassingAsserts":0,"retryReasons":[],"status":"passed","title":"should create a new KPI"},{"ancestorTitles":["Analytics Service Integration Tests","KPI Management","GET /api/analytics/kpis - List KPIs"],"duration":3,"failureDetails":[],"failureMessages":[],"fullName":"Analytics Service Integration Tests KPI Management GET /api/analytics/kpis - List KPIs should return list of KPIs","invocations":1,"location":null,"numPassingAsserts":0,"retryReasons":[],"status":"passed","title":"should return list of KPIs"},{"ancestorTitles":["Analytics Service Integration Tests","KPI Management","GET /api/analytics/kpis/defaults - Get Default KPIs"],"duration":4,"failureDetails":[],"failureMessages":[],"fullName":"Analytics Service Integration Tests KPI Management GET /api/analytics/kpis/defaults - Get Default KPIs should return default KPIs","invocations":1,"location":null,"numPassingAsserts":0,"retryReasons":[],"status":"passed","title":"should return default KPIs"},{"ancestorTitles":["Analytics Service Integration Tests","Dashboard Management","POST /api/analytics/dashboards - Create Dashboard"],"duration":3,"failureDetails":[],"failureMessages":[],"fullName":"Analytics Service Integration Tests Dashboard Management POST /api/analytics/dashboards - Create Dashboard should create a new dashboard","invocations":1,"location":null,"numPassingAsserts":0,"retryReasons":[],"status":"passed","title":"should create a new dashboard"},{"ancestorTitles":["Analytics Service Integration Tests","Dashboard Management","GET /api/analytics/dashboards - List Dashboards"],"duration":3,"failureDetails":[],"failureMessages":[],"fullName":"Analytics Service Integration Tests Dashboard Management GET /api/analytics/dashboards - List Dashboards should return list of dashboards","invocations":1,"location":null,"numPassingAsserts":0,"retryReasons":[],"status":"passed","title":"should return list of dashboards"},{"ancestorTitles":["Analytics Service Integration Tests","Snapshots","GET /api/analytics/snapshots - List Snapshots"],"duration":3,"failureDetails":[],"failureMessages":[],"fullName":"Analytics Service Integration Tests Snapshots GET /api/analytics/snapshots - List Snapshots should return list of analytics snapshots","invocations":1,"location":null,"numPassingAsserts":0,"retryReasons":[],"status":"passed","title":"should return list of analytics snapshots"},{"ancestorTitles":["Analytics Service Integration Tests","Snapshots","GET /api/analytics/snapshots/latest - Get Latest Snapshot"],"duration":3,"failureDetails":[],"failureMessages":[],"fullName":"Analytics Service Integration Tests Snapshots GET /api/analytics/snapshots/latest - Get Latest Snapshot should return latest analytics snapshot","invocations":1,"location":null,"numPassingAsserts":0,"retryReasons":[],"status":"passed","title":"should return latest analytics snapshot"},{"ancestorTitles":["Analytics Service Integration Tests","Predictions","GET /api/analytics/predictions - Get Predictions"],"duration":3,"failureDetails":[],"failureMessages":[],"fullName":"Analytics Service Integration Tests Predictions GET /api/analytics/predictions - Get Predictions should return predictions","invocations":1,"location":null,"numPassingAsserts":0,"retryReasons":[],"status":"passed","title":"should return predictions"},{"ancestorTitles":["Analytics Service Integration Tests","Predictions","GET /api/analytics/predictions/high-risk - Get High Risk Employees"],"duration":11,"failureDetails":[],"failureMessages":[],"fullName":"Analytics Service Integration Tests Predictions GET /api/analytics/predictions/high-risk - Get High Risk Employees should return high risk employees","invocations":1,"location":null,"numPassingAsserts":0,"retryReasons":[],"status":"passed","title":"should return high risk employees"},{"ancestorTitles":["Analytics Service Integration Tests","Trends & Comparisons","GET /api/analytics/trends - Get Trend Analysis"],"duration":12,"failureDetails":[],"failureMessages":[],"fullName":"Analytics Service Integration Tests Trends & Comparisons GET /api/analytics/trends - Get Trend Analysis should return trend analysis","invocations":1,"location":null,"numPassingAsserts":0,"retryReasons":[],"status":"passed","title":"should return trend analysis"},{"ancestorTitles":["Analytics Service Integration Tests","Trends & Comparisons","GET /api/analytics/comparison/departments - Get Department Comparison"],"duration":8,"failureDetails":[],"failureMessages":[],"fullName":"Analytics Service Integration Tests Trends & Comparisons GET /api/analytics/comparison/departments - Get Department Comparison should return department comparison","invocations":1,"location":null,"numPassingAsserts":0,"retryReasons":[],"status":"passed","title":"should return department comparison"},{"ancestorTitles":["Analytics Service Integration Tests","Trends & Comparisons","GET /api/analytics/executive-summary - Get Executive Summary"],"duration":3,"failureDetails":[],"failureMessages":[],"fullName":"Analytics Service Integration Tests Trends & Comparisons GET /api/analytics/executive-summary - Get Executive Summary should return executive summary","invocations":1,"location":null,"numPassingAsserts":0,"retryReasons":[],"status":"passed","title":"should return executive summary"}],"endTime":1764834629746,"message":"","name":"C:\\Users\\KishoreUdatha\\IdeaProjects\\HRM\\tests\\integration\\analytics.test.ts","startTime":1764834626300,"status":"passed","summary":""},{"assertionResults":[{"ancestorTitles":["Compliance Service Integration Tests","Policy Management","POST /api/compliance/policies - Create Policy"],"duration":15,"failureDetails":[],"failureMessages":[],"fullName":"Compliance Service Integration Tests Policy Management POST /api/compliance/policies - Create Policy should create a new compliance policy","invocations":1,"location":null,"numPassingAsserts":0,"retryReasons":[],"status":"passed","title":"should create a new compliance policy"},{"ancestorTitles":["Compliance Service Integration Tests","Policy Management","GET /api/compliance/policies - List Policies"],"duration":12,"failureDetails":[],"failureMessages":[],"fullName":"Compliance Service Integration Tests Policy Management GET /api/compliance/policies - List Policies should return list of policies","invocations":1,"location":null,"numPassingAsserts":0,"retryReasons":[],"status":"passed","title":"should return list of policies"},{"ancestorTitles":["Compliance Service Integration Tests","Policy Management","POST /api/compliance/policies/:id/publish - Publish Policy"],"duration":10,"failureDetails":[],"failureMessages":[],"fullName":"Compliance Service Integration Tests Policy Management POST /api/compliance/policies/:id/publish - Publish Policy should publish a policy","invocations":1,"location":null,"numPassingAsserts":0,"retryReasons":[],"status":"passed","title":"should publish a policy"},{"ancestorTitles":["Compliance Service Integration Tests","Policy Management","POST /api/compliance/policies/:id/acknowledge - Acknowledge Policy"],"duration":4,"failureDetails":[],"failureMessages":[],"fullName":"Compliance Service Integration Tests Policy Management POST /api/compliance/policies/:id/acknowledge - Acknowledge Policy should acknowledge a policy","invocations":1,"location":null,"numPassingAsserts":0,"retryReasons":[],"status":"passed","title":"should acknowledge a policy"},{"ancestorTitles":["Compliance Service Integration Tests","Compliance Training","POST /api/compliance/trainings - Create Training"],"duration":4,"failureDetails":[],"failureMessages":[],"fullName":"Compliance Service Integration Tests Compliance Training POST /api/compliance/trainings - Create Training should create a compliance training","invocations":1,"location":null,"numPassingAsserts":0,"retryReasons":[],"status":"passed","title":"should create a compliance training"},{"ancestorTitles":["Compliance Service Integration Tests","Compliance Training","GET /api/compliance/trainings - List Trainings"],"duration":5,"failureDetails":[],"failureMessages":[],"fullName":"Compliance Service Integration Tests Compliance Training GET /api/compliance/trainings - List Trainings should return list of trainings","invocations":1,"location":null,"numPassingAsserts":0,"retryReasons":[],"status":"passed","title":"should return list of trainings"},{"ancestorTitles":["Compliance Service Integration Tests","Work Permits","POST /api/compliance/work-permits - Create Work Permit"],"duration":3,"failureDetails":[],"failureMessages":[],"fullName":"Compliance Service Integration Tests Work Permits POST /api/compliance/work-permits - Create Work Permit should create a work permit record","invocations":1,"location":null,"numPassingAsserts":0,"retryReasons":[],"status":"passed","title":"should create a work permit record"},{"ancestorTitles":["Compliance Service Integration Tests","Work Permits","GET /api/compliance/work-permits - List Work Permits"],"duration":11,"failureDetails":[],"failureMessages":[],"fullName":"Compliance Service Integration Tests Work Permits GET /api/compliance/work-permits - List Work Permits should return list of work permits","invocations":1,"location":null,"numPassingAsserts":0,"retryReasons":[],"status":"passed","title":"should return list of work permits"},{"ancestorTitles":["Compliance Service Integration Tests","Work Permits","POST /api/compliance/work-permits/:id/renew - Renew Work Permit"],"duration":17,"failureDetails":[],"failureMessages":[],"fullName":"Compliance Service Integration Tests Work Permits POST /api/compliance/work-permits/:id/renew - Renew Work Permit should renew a work permit","invocations":1,"location":null,"numPassingAsserts":0,"retryReasons":[],"status":"passed","title":"should renew a work permit"},{"ancestorTitles":["Compliance Service Integration Tests","Statistics","GET /api/compliance/stats - Get Compliance Statistics"],"duration":23,"failureDetails":[],"failureMessages":[],"fullName":"Compliance Service Integration Tests Statistics GET /api/compliance/stats - Get Compliance Statistics should return compliance statistics","invocations":1,"location":null,"numPassingAsserts":0,"retryReasons":[],"status":"passed","title":"should return compliance statistics"}],"endTime":1764834629765,"message":"","name":"C:\\Users\\KishoreUdatha\\IdeaProjects\\HRM\\tests\\integration\\compliance.test.ts","startTime":1764834626226,"status":"passed","summary":""},{"assertionResults":[{"ancestorTitles":["Asset Service Integration Tests","Asset Management","POST /api/assets - Create Asset"],"duration":13,"failureDetails":[],"failureMessages":[],"fullName":"Asset Service Integration Tests Asset Management POST /api/assets - Create Asset should create a new asset","invocations":1,"location":null,"numPassingAsserts":0,"retryReasons":[],"status":"passed","title":"should create a new asset"},{"ancestorTitles":["Asset Service Integration Tests","Asset Management","GET /api/assets - List Assets"],"duration":13,"failureDetails":[],"failureMessages":[],"fullName":"Asset Service Integration Tests Asset Management GET /api/assets - List Assets should return list of assets","invocations":1,"location":null,"numPassingAsserts":0,"retryReasons":[],"status":"passed","title":"should return list of assets"},{"ancestorTitles":["Asset Service Integration Tests","Asset Management","GET /api/assets/:id - Get Asset Details"],"duration":4,"failureDetails":[],"failureMessages":[],"fullName":"Asset Service Integration Tests Asset Management GET /api/assets/:id - Get Asset Details should return asset details","invocations":1,"location":null,"numPassingAsserts":0,"retryReasons":[],"status":"passed","title":"should return asset details"},{"ancestorTitles":["Asset Service Integration Tests","Asset Management","POST /api/assets/:id/assign - Assign Asset"],"duration":4,"failureDetails":[],"failureMessages":[],"fullName":"Asset Service Integration Tests Asset Management POST /api/assets/:id/assign - Assign Asset should assign asset to employee","invocations":1,"location":null,"numPassingAsserts":0,"retryReasons":[],"status":"passed","title":"should assign asset to employee"},{"ancestorTitles":["Asset Service Integration Tests","Asset Management","POST /api/assets/:id/return - Return Asset"],"duration":11,"failureDetails":[],"failureMessages":[],"fullName":"Asset Service Integration Tests Asset Management POST /api/assets/:id/return - Return Asset should mark asset as returned","invocations":1,"location":null,"numPassingAsserts":0,"retryReasons":[],"status":"passed","title":"should mark asset as returned"},{"ancestorTitles":["Asset Service Integration Tests","Asset Requests","POST /api/assets/requests - Create Request"],"duration":3,"failureDetails":[],"failureMessages":[],"fullName":"Asset Service Integration Tests Asset Requests POST /api/assets/requests - Create Request should create an asset request","invocations":1,"location":null,"numPassingAsserts":0,"retryReasons":[],"status":"passed","title":"should create an asset request"},{"ancestorTitles":["Asset Service Integration Tests","Asset Requests","GET /api/assets/requests - List Requests"],"duration":3,"failureDetails":[],"failureMessages":[],"fullName":"Asset Service Integration Tests Asset Requests GET /api/assets/requests - List Requests should return list of asset requests","invocations":1,"location":null,"numPassingAsserts":0,"retryReasons":[],"status":"passed","title":"should return list of asset requests"},{"ancestorTitles":["Asset Service Integration Tests","Asset Requests","POST /api/assets/requests/:id/approve - Approve Request"],"duration":4,"failureDetails":[],"failureMessages":[],"fullName":"Asset Service Integration Tests Asset Requests POST /api/assets/requests/:id/approve - Approve Request should approve an asset request","invocations":1,"location":null,"numPassingAsserts":0,"retryReasons":[],"status":"passed","title":"should approve an asset request"},{"ancestorTitles":["Asset Service Integration Tests","Asset Maintenance","POST /api/assets/:id/maintenance - Log Maintenance"],"duration":4,"failureDetails":[],"failureMessages":[],"fullName":"Asset Service Integration Tests Asset Maintenance POST /api/assets/:id/maintenance - Log Maintenance should log asset maintenance","invocations":1,"location":null,"numPassingAsserts":0,"retryReasons":[],"status":"passed","title":"should log asset maintenance"},{"ancestorTitles":["Asset Service Integration Tests","Asset Maintenance","GET /api/assets/:id/history - Get Asset History"],"duration":4,"failureDetails":[],"failureMessages":[],"fullName":"Asset Service Integration Tests Asset Maintenance GET /api/assets/:id/history - Get Asset History should return asset history","invocations":1,"location":null,"numPassingAsserts":0,"retryReasons":[],"status":"passed","title":"should return asset history"}],"endTime":1764834629771,"message":"","name":"C:\\Users\\KishoreUdatha\\IdeaProjects\\HRM\\tests\\integration\\asset.test.ts","startTime":1764834626181,"status":"passed","summary":""},{"assertionResults":[{"ancestorTitles":["Chat Service Integration Tests","Chat Room Management","POST /api/chat/rooms - Create Chat Room"],"duration":14,"failureDetails":[],"failureMessages":[],"fullName":"Chat Service Integration Tests Chat Room Management POST /api/chat/rooms - Create Chat Room should create a new chat room","invocations":1,"location":null,"numPassingAsserts":0,"retryReasons":[],"status":"passed","title":"should create a new chat room"},{"ancestorTitles":["Chat Service Integration Tests","Chat Room Management","GET /api/chat/rooms - List Chat Rooms"],"duration":4,"failureDetails":[],"failureMessages":[],"fullName":"Chat Service Integration Tests Chat Room Management GET /api/chat/rooms - List Chat Rooms should return list of chat rooms","invocations":1,"location":null,"numPassingAsserts":0,"retryReasons":[],"status":"passed","title":"should return list of chat rooms"},{"ancestorTitles":["Chat Service Integration Tests","Chat Room Management","GET /api/chat/rooms/:id - Get Chat Room"],"duration":13,"failureDetails":[],"failureMessages":[],"fullName":"Chat Service Integration Tests Chat Room Management GET /api/chat/rooms/:id - Get Chat Room should return chat room details","invocations":1,"location":null,"numPassingAsserts":0,"retryReasons":[],"status":"passed","title":"should return chat room details"},{"ancestorTitles":["Chat Service Integration Tests","Chat Room Management","POST /api/chat/rooms/:id/participants - Add Participants"],"duration":4,"failureDetails":[],"failureMessages":[],"fullName":"Chat Service Integration Tests Chat Room Management POST /api/chat/rooms/:id/participants - Add Participants should add participants to room","invocations":1,"location":null,"numPassingAsserts":0,"retryReasons":[],"status":"passed","title":"should add participants to room"},{"ancestorTitles":["Chat Service Integration Tests","Messages","POST /api/chat/rooms/:id/messages - Send Message"],"duration":17,"failureDetails":[],"failureMessages":[],"fullName":"Chat Service Integration Tests Messages POST /api/chat/rooms/:id/messages - Send Message should send a message","invocations":1,"location":null,"numPassingAsserts":0,"retryReasons":[],"status":"passed","title":"should send a message"},{"ancestorTitles":["Chat Service Integration Tests","Messages","GET /api/chat/rooms/:id/messages - Get Messages"],"duration":4,"failureDetails":[],"failureMessages":[],"fullName":"Chat Service Integration Tests Messages GET /api/chat/rooms/:id/messages - Get Messages should return room messages","invocations":1,"location":null,"numPassingAsserts":0,"retryReasons":[],"status":"passed","title":"should return room messages"},{"ancestorTitles":["Chat Service Integration Tests","Messages","PUT /api/chat/messages/:id - Edit Message"],"duration":5,"failureDetails":[],"failureMessages":[],"fullName":"Chat Service Integration Tests Messages PUT /api/chat/messages/:id - Edit Message should edit a message","invocations":1,"location":null,"numPassingAsserts":0,"retryReasons":[],"status":"passed","title":"should edit a message"},{"ancestorTitles":["Chat Service Integration Tests","Messages","POST /api/chat/messages/:id/reactions - Add Reaction"],"duration":3,"failureDetails":[],"failureMessages":[],"fullName":"Chat Service Integration Tests Messages POST /api/chat/messages/:id/reactions - Add Reaction should add reaction to message","invocations":1,"location":null,"numPassingAsserts":0,"retryReasons":[],"status":"passed","title":"should add reaction to message"},{"ancestorTitles":["Chat Service Integration Tests","Messages","POST /api/chat/messages/:id/pin - Pin Message"],"duration":3,"failureDetails":[],"failureMessages":[],"fullName":"Chat Service Integration Tests Messages POST /api/chat/messages/:id/pin - Pin Message should toggle pin message","invocations":1,"location":null,"numPassingAsserts":0,"retryReasons":[],"status":"passed","title":"should toggle pin message"},{"ancestorTitles":["Chat Service Integration Tests","Search","GET /api/chat/search - Search Messages"],"duration":3,"failureDetails":[],"failureMessages":[],"fullName":"Chat Service Integration Tests Search GET /api/chat/search - Search Messages should search messages","invocations":1,"location":null,"numPassingAsserts":0,"retryReasons":[],"status":"passed","title":"should search messages"}],"endTime":1764834629794,"message":"","name":"C:\\Users\\KishoreUdatha\\IdeaProjects\\HRM\\tests\\integration\\chat.test.ts","startTime":1764834626226,"status":"passed","summary":""},{"assertionResults":[{"ancestorTitles":["AI/ML Service Integration Tests","Resume Analysis","GET /api/ai/resume/:analysisId - Get Resume Analysis"],"duration":14,"failureDetails":[],"failureMessages":[],"fullName":"AI/ML Service Integration Tests Resume Analysis GET /api/ai/resume/:analysisId - Get Resume Analysis should return resume analysis results","invocations":1,"location":null,"numPassingAsserts":0,"retryReasons":[],"status":"passed","title":"should return resume analysis results"},{"ancestorTitles":["AI/ML Service Integration Tests","Resume Analysis","POST /api/ai/resume/:analysisId/match-jobs - Match Resume to Jobs"],"duration":36,"failureDetails":[],"failureMessages":[],"fullName":"AI/ML Service Integration Tests Resume Analysis POST /api/ai/resume/:analysisId/match-jobs - Match Resume to Jobs should match resume to available jobs","invocations":1,"location":null,"numPassingAsserts":0,"retryReasons":[],"status":"passed","title":"should match resume to available jobs"},{"ancestorTitles":["AI/ML Service Integration Tests","Predictions - Attrition","POST /api/ai/predictions/attrition/:employeeId - Get Attrition Prediction"],"duration":20,"failureDetails":[],"failureMessages":[],"fullName":"AI/ML Service Integration Tests Predictions - Attrition POST /api/ai/predictions/attrition/:employeeId - Get Attrition Prediction should predict employee attrition risk","invocations":1,"location":null,"numPassingAsserts":0,"retryReasons":[],"status":"passed","title":"should predict employee attrition risk"},{"ancestorTitles":["AI/ML Service Integration Tests","Predictions - Attrition","POST /api/ai/predictions/attrition/batch - Batch Attrition Predictions"],"duration":21,"failureDetails":[],"failureMessages":[],"fullName":"AI/ML Service Integration Tests Predictions - Attrition POST /api/ai/predictions/attrition/batch - Batch Attrition Predictions should predict attrition for multiple employees","invocations":1,"location":null,"numPassingAsserts":0,"retryReasons":[],"status":"passed","title":"should predict attrition for multiple employees"},{"ancestorTitles":["AI/ML Service Integration Tests","Predictions - Performance","POST /api/ai/predictions/performance/:employeeId - Get Performance Prediction"],"duration":35,"failureDetails":[],"failureMessages":[],"fullName":"AI/ML Service Integration Tests Predictions - Performance POST /api/ai/predictions/performance/:employeeId - Get Performance Prediction should predict employee performance","invocations":1,"location":null,"numPassingAsserts":0,"retryReasons":[],"status":"passed","title":"should predict employee performance"},{"ancestorTitles":["AI/ML Service Integration Tests","Predictions - Salary","POST /api/ai/predictions/salary - Get Salary Prediction"],"duration":16,"failureDetails":[],"failureMessages":[],"fullName":"AI/ML Service Integration Tests Predictions - Salary POST /api/ai/predictions/salary - Get Salary Prediction should predict salary recommendation","invocations":1,"location":null,"numPassingAsserts":0,"retryReasons":[],"status":"passed","title":"should predict salary recommendation"},{"ancestorTitles":["AI/ML Service Integration Tests","Skill Matching","POST /api/ai/skills/match-candidates - Match Candidates"],"duration":39,"failureDetails":[],"failureMessages":[],"fullName":"AI/ML Service Integration Tests Skill Matching POST /api/ai/skills/match-candidates - Match Candidates should match candidates to job requirements","invocations":1,"location":null,"numPassingAsserts":0,"retryReasons":[],"status":"passed","title":"should match candidates to job requirements"},{"ancestorTitles":["AI/ML Service Integration Tests","Skill Matching","POST /api/ai/skills/gap-analysis - Analyze Skill Gaps"],"duration":16,"failureDetails":[],"failureMessages":[],"fullName":"AI/ML Service Integration Tests Skill Matching POST /api/ai/skills/gap-analysis - Analyze Skill Gaps should analyze team skill gaps","invocations":1,"location":null,"numPassingAsserts":0,"retryReasons":[],"status":"passed","title":"should analyze team skill gaps"},{"ancestorTitles":["AI/ML Service Integration Tests","Skill Matching","POST /api/ai/skills/learning-path - Get Learning Path"],"duration":29,"failureDetails":[],"failureMessages":[],"fullName":"AI/ML Service Integration Tests Skill Matching POST /api/ai/skills/learning-path - Get Learning Path should generate learning path","invocations":1,"location":null,"numPassingAsserts":0,"retryReasons":[],"status":"passed","title":"should generate learning path"},{"ancestorTitles":["AI/ML Service Integration Tests","Sentiment Analysis","POST /api/ai/sentiment/analyze - Analyze Sentiment"],"duration":9,"failureDetails":[],"failureMessages":[],"fullName":"AI/ML Service Integration Tests Sentiment Analysis POST /api/ai/sentiment/analyze - Analyze Sentiment should analyze feedback sentiment","invocations":1,"location":null,"numPassingAsserts":0,"retryReasons":[],"status":"passed","title":"should analyze feedback sentiment"},{"ancestorTitles":["AI/ML Service Integration Tests","ML Models","GET /api/ai/models - List ML Models"],"duration":12,"failureDetails":[],"failureMessages":[],"fullName":"AI/ML Service Integration Tests ML Models GET /api/ai/models - List ML Models should return list of ML models","invocations":1,"location":null,"numPassingAsserts":0,"retryReasons":[],"status":"passed","title":"should return list of ML models"}],"endTime":1764834629798,"message":"","name":"C:\\Users\\KishoreUdatha\\IdeaProjects\\HRM\\tests\\integration\\ai-ml.test.ts","startTime":1764834629378,"status":"passed","summary":""},{"assertionResults":[{"ancestorTitles":["Onboarding Service Integration Tests","Workflow Templates","POST /api/onboarding/templates - Create Template"],"duration":43,"failureDetails":[],"failureMessages":[],"fullName":"Onboarding Service Integration Tests Workflow Templates POST /api/onboarding/templates - Create Template should create an onboarding workflow template","invocations":1,"location":null,"numPassingAsserts":0,"retryReasons":[],"status":"passed","title":"should create an onboarding workflow template"},{"ancestorTitles":["Onboarding Service Integration Tests","Workflow Templates","GET /api/onboarding/templates - List Templates"],"duration":4,"failureDetails":[],"failureMessages":[],"fullName":"Onboarding Service Integration Tests Workflow Templates GET /api/onboarding/templates - List Templates should return list of workflow templates","invocations":1,"location":null,"numPassingAsserts":0,"retryReasons":[],"status":"passed","title":"should return list of workflow templates"},{"ancestorTitles":["Onboarding Service Integration Tests","Onboarding Workflows","POST /api/onboarding/workflows - Start Onboarding"],"duration":4,"failureDetails":[],"failureMessages":[],"fullName":"Onboarding Service Integration Tests Onboarding Workflows POST /api/onboarding/workflows - Start Onboarding should start an onboarding workflow for employee","invocations":1,"location":null,"numPassingAsserts":0,"retryReasons":[],"status":"passed","title":"should start an onboarding workflow for employee"},{"ancestorTitles":["Onboarding Service Integration Tests","Onboarding Workflows","GET /api/onboarding/workflows - List Workflows"],"duration":3,"failureDetails":[],"failureMessages":[],"fullName":"Onboarding Service Integration Tests Onboarding Workflows GET /api/onboarding/workflows - List Workflows should return list of active onboarding workflows","invocations":1,"location":null,"numPassingAsserts":0,"retryReasons":[],"status":"passed","title":"should return list of active onboarding workflows"},{"ancestorTitles":["Onboarding Service Integration Tests","Onboarding Workflows","GET /api/onboarding/workflows/:id/progress - Get Progress"],"duration":38,"failureDetails":[],"failureMessages":[],"fullName":"Onboarding Service Integration Tests Onboarding Workflows GET /api/onboarding/workflows/:id/progress - Get Progress should return onboarding progress","invocations":1,"location":null,"numPassingAsserts":0,"retryReasons":[],"status":"passed","title":"should return onboarding progress"},{"ancestorTitles":["Onboarding Service Integration Tests","Onboarding Tasks","POST /api/onboarding/tasks/:id/complete - Complete Task"],"duration":10,"failureDetails":[],"failureMessages":[],"fullName":"Onboarding Service Integration Tests Onboarding Tasks POST /api/onboarding/tasks/:id/complete - Complete Task should complete an onboarding task","invocations":1,"location":null,"numPassingAsserts":0,"retryReasons":[],"status":"passed","title":"should complete an onboarding task"},{"ancestorTitles":["Onboarding Service Integration Tests","Offboarding","POST /api/onboarding/offboarding - Start Offboarding"],"duration":5,"failureDetails":[],"failureMessages":[],"fullName":"Onboarding Service Integration Tests Offboarding POST /api/onboarding/offboarding - Start Offboarding should start an offboarding workflow","invocations":1,"location":null,"numPassingAsserts":0,"retryReasons":[],"status":"passed","title":"should start an offboarding workflow"},{"ancestorTitles":["Onboarding Service Integration Tests","Offboarding","GET /api/onboarding/offboarding/:id/checklist - Get Checklist"],"duration":9,"failureDetails":[],"failureMessages":[],"fullName":"Onboarding Service Integration Tests Offboarding GET /api/onboarding/offboarding/:id/checklist - Get Checklist should return offboarding checklist","invocations":1,"location":null,"numPassingAsserts":0,"retryReasons":[],"status":"passed","title":"should return offboarding checklist"}],"endTime":1764834629803,"message":"","name":"C:\\Users\\KishoreUdatha\\IdeaProjects\\HRM\\tests\\integration\\onboarding.test.ts","startTime":1764834626254,"status":"passed","summary":""},{"assertionResults":[{"ancestorTitles":["Workforce Service Integration Tests","Position Management","POST /api/workforce/positions - Create Position"],"duration":49,"failureDetails":[],"failureMessages":[],"fullName":"Workforce Service Integration Tests Position Management POST /api/workforce/positions - Create Position should create a new position","invocations":1,"location":null,"numPassingAsserts":0,"retryReasons":[],"status":"passed","title":"should create a new position"},{"ancestorTitles":["Workforce Service Integration Tests","Position Management","GET /api/workforce/positions - List Positions"],"duration":11,"failureDetails":[],"failureMessages":[],"fullName":"Workforce Service Integration Tests Position Management GET /api/workforce/positions - List Positions should return list of positions","invocations":1,"location":null,"numPassingAsserts":0,"retryReasons":[],"status":"passed","title":"should return list of positions"},{"ancestorTitles":["Workforce Service Integration Tests","Position Management","PATCH /api/workforce/positions/:id/headcount - Update Headcount"],"duration":6,"failureDetails":[],"failureMessages":[],"fullName":"Workforce Service Integration Tests Position Management PATCH /api/workforce/positions/:id/headcount - Update Headcount should update position headcount","invocations":1,"location":null,"numPassingAsserts":0,"retryReasons":[],"status":"passed","title":"should update position headcount"},{"ancestorTitles":["Workforce Service Integration Tests","Headcount Planning","POST /api/workforce/headcount-plans - Create Headcount Plan"],"duration":6,"failureDetails":[],"failureMessages":[],"fullName":"Workforce Service Integration Tests Headcount Planning POST /api/workforce/headcount-plans - Create Headcount Plan should create a headcount plan","invocations":1,"location":null,"numPassingAsserts":0,"retryReasons":[],"status":"passed","title":"should create a headcount plan"},{"ancestorTitles":["Workforce Service Integration Tests","Headcount Planning","GET /api/workforce/headcount-plans - List Headcount Plans"],"duration":18,"failureDetails":[],"failureMessages":[],"fullName":"Workforce Service Integration Tests Headcount Planning GET /api/workforce/headcount-plans - List Headcount Plans should return list of headcount plans","invocations":1,"location":null,"numPassingAsserts":0,"retryReasons":[],"status":"passed","title":"should return list of headcount plans"},{"ancestorTitles":["Workforce Service Integration Tests","Headcount Planning","POST /api/workforce/headcount-plans/:id/submit - Submit Plan"],"duration":5,"failureDetails":[],"failureMessages":[],"fullName":"Workforce Service Integration Tests Headcount Planning POST /api/workforce/headcount-plans/:id/submit - Submit Plan should submit headcount plan for approval","invocations":1,"location":null,"numPassingAsserts":0,"retryReasons":[],"status":"passed","title":"should submit headcount plan for approval"},{"ancestorTitles":["Workforce Service Integration Tests","Succession Planning","POST /api/workforce/succession-plans - Create Succession Plan"],"duration":4,"failureDetails":[],"failureMessages":[],"fullName":"Workforce Service Integration Tests Succession Planning POST /api/workforce/succession-plans - Create Succession Plan should create a succession plan","invocations":1,"location":null,"numPassingAsserts":0,"retryReasons":[],"status":"passed","title":"should create a succession plan"},{"ancestorTitles":["Workforce Service Integration Tests","Succession Planning","GET /api/workforce/succession-plans - List Succession Plans"],"duration":15,"failureDetails":[],"failureMessages":[],"fullName":"Workforce Service Integration Tests Succession Planning GET /api/workforce/succession-plans - List Succession Plans should return list of succession plans","invocations":1,"location":null,"numPassingAsserts":0,"retryReasons":[],"status":"passed","title":"should return list of succession plans"},{"ancestorTitles":["Workforce Service Integration Tests","Succession Planning","POST /api/workforce/succession-plans/:id/successors - Add Successor"],"duration":13,"failureDetails":[],"failureMessages":[],"fullName":"Workforce Service Integration Tests Succession Planning POST /api/workforce/succession-plans/:id/successors - Add Successor should add a successor candidate","invocations":1,"location":null,"numPassingAsserts":0,"retryReasons":[],"status":"passed","title":"should add a successor candidate"},{"ancestorTitles":["Workforce Service Integration Tests","Analytics","GET /api/workforce/analytics - Get Workforce Analytics"],"duration":7,"failureDetails":[],"failureMessages":[],"fullName":"Workforce Service Integration Tests Analytics GET /api/workforce/analytics - Get Workforce Analytics should return workforce analytics","invocations":1,"location":null,"numPassingAsserts":0,"retryReasons":[],"status":"passed","title":"should return workforce analytics"},{"ancestorTitles":["Workforce Service Integration Tests","Analytics","GET /api/workforce/org-chart - Get Org Chart"],"duration":7,"failureDetails":[],"failureMessages":[],"fullName":"Workforce Service Integration Tests Analytics GET /api/workforce/org-chart - Get Org Chart should return organization chart","invocations":1,"location":null,"numPassingAsserts":0,"retryReasons":[],"status":"passed","title":"should return organization chart"}],"endTime":1764834629812,"message":"","name":"C:\\Users\\KishoreUdatha\\IdeaProjects\\HRM\\tests\\integration\\workforce.test.ts","startTime":1764834626252,"status":"passed","summary":""},{"assertionResults":[{"ancestorTitles":["Integration Service Tests","Webhooks","POST /api/integrations/webhooks - Create Webhook"],"duration":17,"failureDetails":[],"failureMessages":[],"fullName":"Integration Service Tests Webhooks POST /api/integrations/webhooks - Create Webhook should create a new webhook","invocations":1,"location":null,"numPassingAsserts":0,"retryReasons":[],"status":"passed","title":"should create a new webhook"},{"ancestorTitles":["Integration Service Tests","Webhooks","GET /api/integrations/webhooks - List Webhooks"],
[...]
ld return paginated list of employees"},{"ancestorTitles":["Employee Service Integration Tests","Employee Management","GET /api/employees - List Employees"],"duration":1,"failureDetails":[],"failureMessages":[],"fullName":"Employee Service Integration Tests Employee Management GET /api/employees - List Employees should filter employees by department","invocations":1,"location":null,"numPassingAsserts":0,"retryReasons":[],"status":"passed","title":"should filter employees by department"},{"ancestorTitles":["Employee Service Integration Tests","Employee Management","GET /api/employees/:id - Get Employee by ID"],"duration":2,"failureDetails":[],"failureMessages":[],"fullName":"Employee Service Integration Tests Employee Management GET /api/employees/:id - Get Employee by ID should return employee details","invocations":1,"location":null,"numPassingAsserts":0,"retryReasons":[],"status":"passed","title":"should return employee details"},{"ancestorTitles":["Employee Service Integration Tests","Employee Management","GET /api/employees/:id - Get Employee by ID"],"duration":3,"failureDetails":[],"failureMessages":[],"fullName":"Employee Service Integration Tests Employee Management GET /api/employees/:id - Get Employee by ID should return 404 for non-existent employee","invocations":1,"location":null,"numPassingAsserts":0,"retryReasons":[],"status":"passed","title":"should return 404 for non-existent employee"},{"ancestorTitles":["Employee Service Integration Tests","Employee Management","PUT /api/employees/:id - Update Employee"],"duration":1,"failureDetails":[],"failureMessages":[],"fullName":"Employee Service Integration Tests Employee Management PUT /api/employees/:id - Update Employee should update employee details","invocations":1,"location":null,"numPassingAsserts":0,"retryReasons":[],"status":"passed","title":"should update employee details"},{"ancestorTitles":["Employee Service Integration Tests","Dashboard Statistics","GET /api/employees/dashboard/stats - Get Dashboard Stats"],"duration":4,"failureDetails":[],"failureMessages":[],"fullName":"Employee Service Integration Tests Dashboard Statistics GET /api/employees/dashboard/stats - Get Dashboard Stats should return dashboard statistics","invocations":1,"location":null,"numPassingAsserts":0,"retryReasons":[],"status":"passed","title":"should return dashboard statistics"}],"endTime":1764834629886,"message":"","name":"C:\\Users\\KishoreUdatha\\IdeaProjects\\HRM\\tests\\integration\\employee.test.ts","startTime":1764834629698,"status":"passed","summary":""},{"assertionResults":[{"ancestorTitles":["Leave Service Integration Tests","Leave Types Management","GET /api/leaves/types - List Leave Types"],"duration":43,"failureDetails":[],"failureMessages":[],"fullName":"Leave Service Integration Tests Leave Types Management GET /api/leaves/types - List Leave Types should return list of leave types","invocations":1,"location":null,"numPassingAsserts":0,"retryReasons":[],"status":"passed","title":"should return list of leave types"},{"ancestorTitles":["Leave Service Integration Tests","Leave Types Management","POST /api/leaves/types - Create Leave Type"],"duration":6,"failureDetails":[],"failureMessages":[],"fullName":"Leave Service Integration Tests Leave Types Management POST /api/leaves/types - Create Leave Type should create a new leave type","invocations":1,"location":null,"numPassingAsserts":0,"retryReasons":[],"status":"passed","title":"should create a new leave type"},{"ancestorTitles":["Leave Service Integration Tests","Leave Requests","POST /api/leaves - Create Leave Request"],"duration":1,"failureDetails":[],"failureMessages":[],"fullName":"Leave Service Integration Tests Leave Requests POST /api/leaves - Create Leave Request should create a new leave request","invocations":1,"location":null,"numPassingAsserts":0,"retryReasons":[],"status":"passed","title":"should create a new leave request"},{"ancestorTitles":["Leave Service Integration Tests","Leave Requests","GET /api/leaves - List Leave Requests"],"duration":3,"failureDetails":[],"failureMessages":[],"fullName":"Leave Service Integration Tests Leave Requests GET /api/leaves - List Leave Requests should return list of leave requests","invocations":1,"location":null,"numPassingAsserts":0,"retryReasons":[],"status":"passed","title":"should return list of leave requests"},{"ancestorTitles":["Leave Service Integration Tests","Leave Requests","GET /api/leaves - List Leave Requests"],"duration":3,"failureDetails":[],"failureMessages":[],"fullName":"Leave Service Integration Tests Leave Requests GET /api/leaves - List Leave Requests should filter leaves by status","invocations":1,"location":null,"numPassingAsserts":0,"retryReasons":[],"status":"passed","title":"should filter leaves by status"},{"ancestorTitles":["Leave Service Integration Tests","Leave Requests","PATCH /api/leaves/:id/approve - Approve Leave"],"duration":0,"failureDetails":[],"failureMessages":[],"fullName":"Leave Service Integration Tests Leave Requests PATCH /api/leaves/:id/approve - Approve Leave should approve a leave request","invocations":1,"location":null,"numPassingAsserts":0,"retryReasons":[],"status":"passed","title":"should approve a leave request"},{"ancestorTitles":["Leave Service Integration Tests","Holidays","GET /api/leaves/holidays - List Holidays"],"duration":2,"failureDetails":[],"failureMessages":[],"fullName":"Leave Service Integration Tests Holidays GET /api/leaves/holidays - List Holidays should return list of holidays","invocations":1,"location":null,"numPassingAsserts":0,"retryReasons":[],"status":"passed","title":"should return list of holidays"},{"ancestorTitles":["Leave Service Integration Tests","Holidays","POST /api/leaves/holidays - Create Holiday"],"duration":3,"failureDetails":[],"failureMessages":[],"fullName":"Leave Service Integration Tests Holidays POST /api/leaves/holidays - Create Holiday should create a new holiday","invocations":1,"location":null,"numPassingAsserts":0,"retryReasons":[],"status":"passed","title":"should create a new holiday"},{"ancestorTitles":["Leave Service Integration Tests","Leave Balance","GET /api/leaves/balance/:employeeId - Get Leave Balance"],"duration":1,"failureDetails":[],"failureMessages":[],"fullName":"Leave Service Integration Tests Leave Balance GET /api/leaves/balance/:employeeId - Get Leave Balance should return employee leave balance","invocations":1,"location":null,"numPassingAsserts":0,"retryReasons":[],"status":"passed","title":"should return employee leave balance"}],"endTime":1764834629898,"message":"","name":"C:\\Users\\KishoreUdatha\\IdeaProjects\\HRM\\tests\\integration\\leave.test.ts","startTime":1764834629751,"status":"passed","summary":""},{"assertionResults":[{"ancestorTitles":["Authentication Service Integration Tests","POST /api/auth/register - Tenant Registration"],"duration":54,"failureDetails":[],"failureMessages":[],"fullName":"Authentication Service Integration Tests POST /api/auth/register - Tenant Registration should register a new tenant successfully","invocations":1,"location":null,"numPassingAsserts":0,"retryReasons":[],"status":"passed","title":"should register a new tenant successfully"},{"ancestorTitles":["Authentication Service Integration Tests","POST /api/auth/register - Tenant Registration"],"duration":12,"failureDetails":[],"failureMessages":[],"fullName":"Authentication Service Integration Tests POST /api/auth/register - Tenant Registration should reject duplicate email registration","invocations":1,"location":null,"numPassingAsserts":0,"retryReasons":[],"status":"passed","title":"should reject duplicate email registration"},{"ancestorTitles":["Authentication Service Integration Tests","POST /api/auth/login - User Login"],"duration":3,"failureDetails":[],"failureMessages":[],"fullName":"Authentication Service Integration Tests POST /api/auth/login - User Login should login with valid credentials","invocations":1,"location":null,"numPassingAsserts":0,"retryReasons":[],"status":"passed","title":"should login with valid credentials"},{"ancestorTitles":["Authentication Service Integration Tests","POST /api/auth/login - User Login"],"duration":3,"failureDetails":[],"failureMessages":[],"fullName":"Authentication Service Integration Tests POST /api/auth/login - User Login should reject invalid credentials","invocations":1,"location":null,"numPassingAsserts":0,"retryReasons":[],"status":"passed","title":"should reject invalid credentials"},{"ancestorTitles":["Authentication Service Integration Tests","GET /api/auth/me - Get Current User"],"duration":1,"failureDetails":[],"failureMessages":[],"fullName":"Authentication Service Integration Tests GET /api/auth/me - Get Current User should return current user profile","invocations":1,"location":null,"numPassingAsserts":0,"retryReasons":[],"status":"passed","title":"should return current user profile"},{"ancestorTitles":["Authentication Service Integration Tests","GET /api/auth/me - Get Current User"],"duration":3,"failureDetails":[],"failureMessages":[],"fullName":"Authentication Service Integration Tests GET /api/auth/me - Get Current User should reject unauthorized request","invocations":1,"location":null,"numPassingAsserts":0,"retryReasons":[],"status":"passed","title":"should reject unauthorized request"},{"ancestorTitles":["Authentication Service Integration Tests","POST /api/auth/refresh - Token Refresh"],"duration":1,"failureDetails":[],"failureMessages":[],"fullName":"Authentication Service Integration Tests POST /api/auth/refresh - Token Refresh should refresh access token","invocations":1,"location":null,"numPassingAsserts":0,"retryReasons":[],"status":"passed","title":"should refresh access token"}],"endTime":1764834629901,"message":"","name":"C:\\Users\\KishoreUdatha\\IdeaProjects\\HRM\\tests\\integration\\auth.test.ts","startTime":1764834629739,"status":"passed","summary":""},{"assertionResults":[{"ancestorTitles":["Tenant Service Integration Tests","GET /api/tenants - List Tenants"],"duration":4,"failureDetails":[],"failureMessages":[],"fullName":"Tenant Service Integration Tests GET /api/tenants - List Tenants should return list of tenants (admin only)","invocations":1,"location":null,"numPassingAsserts":0,"retryReasons":[],"status":"passed","title":"should return list of tenants (admin only)"},{"ancestorTitles":["Tenant Service Integration Tests","GET /api/tenants/:id - Get Tenant Details"],"duration":1,"failureDetails":[],"failureMessages":[],"fullName":"Tenant Service Integration Tests GET /api/tenants/:id - Get Tenant Details should return tenant details","invocations":1,"location":null,"numPassingAsserts":0,"retryReasons":[],"status":"passed","title":"should return tenant details"},{"ancestorTitles":["Tenant Service Integration Tests","PUT /api/tenants/:id - Update Tenant"],"duration":1,"failureDetails":[],"failureMessages":[],"fullName":"Tenant Service Integration Tests PUT /api/tenants/:id - Update Tenant should update tenant settings","invocations":1,"location":null,"numPassingAsserts":0,"retryReasons":[],"status":"passed","title":"should update tenant settings"},{"ancestorTitles":["Tenant Service Integration Tests","POST /api/tenants/:id/subscription - Update Subscription"],"duration":1,"failureDetails":[],"failureMessages":[],"fullName":"Tenant Service Integration Tests POST /api/tenants/:id/subscription - Update Subscription should update tenant subscription","invocations":1,"location":null,"numPassingAsserts":0,"retryReasons":[],"status":"passed","title":"should update tenant subscription"},{"ancestorTitles":["Tenant Service Integration Tests","GET /api/tenants/:id/stats - Get Tenant Statistics"],"duration":0,"failureDetails":[],"failureMessages":[],"fullName":"Tenant Service Integration Tests GET /api/tenants/:id/stats - Get Tenant Statistics should return tenant statistics","invocations":1,"location":null,"numPassingAsserts":0,"retryReasons":[],"status":"passed","title":"should return tenant statistics"}],"endTime":1764834629916,"message":"","name":"C:\\Users\\KishoreUdatha\\IdeaProjects\\HRM\\tests\\integration\\tenant.test.ts","startTime":1764834629770,"status":"passed","summary":""},{"assertionResults":[{"ancestorTitles":["Attendance Service Integration Tests","Check-in/Check-out","POST /api/attendance/check-in - Employee Check-in"],"duration":2,"failureDetails":[],"failureMessages":[],"fullName":"Attendance Service Integration Tests Check-in/Check-out POST /api/attendance/check-in - Employee Check-in should record employee check-in","invocations":1,"location":null,"numPassingAsserts":0,"retryReasons":[],"status":"passed","title":"should record employee check-in"},{"ancestorTitles":["Attendance Service Integration Tests","Check-in/Check-out","POST /api/attendance/check-out - Employee Check-out"],"duration":1,"failureDetails":[],"failureMessages":[],"fullName":"Attendance Service Integration Tests Check-in/Check-out POST /api/attendance/check-out - Employee Check-out should record employee check-out","invocations":1,"location":null,"numPassingAsserts":0,"retryReasons":[],"status":"passed","title":"should record employee check-out"},{"ancestorTitles":["Attendance Service Integration Tests","Attendance Records","GET /api/attendance - List Attendance Records"],"duration":38,"failureDetails":[],"failureMessages":[],"fullName":"Attendance Service Integration Tests Attendance Records GET /api/attendance - List Attendance Records should return list of attendance records","invocations":1,"location":null,"numPassingAsserts":0,"retryReasons":[],"status":"passed","title":"should return list of attendance records"},{"ancestorTitles":["Attendance Service Integration Tests","Attendance Records","GET /api/attendance - List Attendance Records"],"duration":3,"failureDetails":[],"failureMessages":[],"fullName":"Attendance Service Integration Tests Attendance Records GET /api/attendance - List Attendance Records should filter attendance by date range","invocations":1,"location":null,"numPassingAsserts":0,"retryReasons":[],"status":"passed","title":"should filter attendance by date range"},{"ancestorTitles":["Attendance Service Integration Tests","Attendance Records","GET /api/attendance - List Attendance Records"],"duration":1,"failureDetails":[],"failureMessages":[],"fullName":"Attendance Service Integration Tests Attendance Records GET /api/attendance - List Attendance Records should filter attendance by employee","invocations":1,"location":null,"numPassingAsserts":0,"retryReasons":[],"status":"passed","title":"should filter attendance by employee"},{"ancestorTitles":["Attendance Service Integration Tests","Attendance Records","GET /api/attendance/summary - Get Attendance Summary"],"duration":2,"failureDetails":[],"failureMessages":[],"fullName":"Attendance Service Integration Tests Attendance Records GET /api/attendance/summary - Get Attendance Summary should return attendance summary","invocations":1,"location":null,"numPassingAsserts":0,"retryReasons":[],"status":"passed","title":"should return attendance summary"},{"ancestorTitles":["Attendance Service Integration Tests","Attendance Records","GET /api/attendance/daily-status - Get Daily Status"],"duration":3,"failureDetails":[],"failureMessages":[],"fullName":"Attendance Service Integration Tests Attendance Records GET /api/attendance/daily-status - Get Daily Status should return daily attendance status","invocations":1,"location":null,"numPassingAsserts":0,"retryReasons":[],"status":"passed","title":"should return daily attendance status"},{"ancestorTitles":["Attendance Service Integration Tests","Bulk Operations","POST /api/attendance/bulk - Bulk Mark Attendance"],"duration":0,"failureDetails":[],"failureMessages":[],"fullName":"Attendance Service Integration Tests Bulk Operations POST /api/attendance/bulk - Bulk Mark Attendance should mark attendance for multiple employees","invocations":1,"location":null,"numPassingAsserts":0,"retryReasons":[],"status":"passed","title":"should mark attendance for multiple employees"}],"endTime":1764834629928,"message":"","name":"C:\\Users\\KishoreUdatha\\IdeaProjects\\HRM\\tests\\integration\\attendance.test.ts","startTime":1764834629776,"status":"passed","summary":""},{"assertionResults":[{"ancestorTitles":["Timesheet Service Integration Tests","Projects","POST /api/timesheets/projects - Create Project"],"duration":4,"failureDetails":[],"failureMessages":[],"fullName":"Timesheet Service Integration Tests Projects POST /api/timesheets/projects - Create Project should create a new project","invocations":1,"location":null,"numPassingAsserts":0,"retryReasons":[],"status":"passed","title":"should create a new project"},{"ancestorTitles":["Timesheet Service Integration Tests","Projects","GET /api/timesheets/projects - List Projects"],"duration":3,"failureDetails":[],"failureMessages":[],"fullName":"Timesheet Service Integration Tests Projects GET /api/timesheets/projects - List Projects should return list of projects","invocations":1,"location":null,"numPassingAsserts":0,"retryReasons":[],"status":"passed","title":"should return list of projects"},{"ancestorTitles":["Timesheet Service Integration Tests","Timesheets","POST /api/timesheets - Create Timesheet"],"duration":2,"failureDetails":[],"failureMessages":[],"fullName":"Timesheet Service Integration Tests Timesheets POST /api/timesheets - Create Timesheet should create a new timesheet","invocations":1,"location":null,"numPassingAsserts":0,"retryReasons":[],"status":"passed","title":"should create a new timesheet"},{"ancestorTitles":["Timesheet Service Integration Tests","Timesheets","GET /api/timesheets - List Timesheets"],"duration":3,"failureDetails":[],"failureMessages":[],"fullName":"Timesheet Service Integration Tests Timesheets GET /api/timesheets - List Timesheets should return list of timesheets","invocations":1,"location":null,"numPassingAsserts":0,"retryReasons":[],"status":"passed","title":"should return list of timesheets"},{"ancestorTitles":["Timesheet Service Integration Tests","Time Entries","POST /api/timesheets/:id/entries - Add Time Entry"],"duration":2,"failureDetails":[],"failureMessages":[],"fullName":"Timesheet Service Integration Tests Time Entries POST /api/timesheets/:id/entries - Add Time Entry should add a time entry","invocations":1,"location":null,"numPassingAsserts":0,"retryReasons":[],"status":"passed","title":"should add a time entry"},{"ancestorTitles":["Timesheet Service Integration Tests","Time Entries","GET /api/timesheets/:id/entries - List Time Entries"],"duration":3,"failureDetails":[],"failureMessages":[],"fullName":"Timesheet Service Integration Tests Time Entries GET /api/timesheets/:id/entries - List Time Entries should return list of time entries","invocations":1,"location":null,"numPassingAsserts":0,"retryReasons":[],"status":"passed","title":"should return list of time entries"},{"ancestorTitles":["Timesheet Service Integration Tests","Timesheet Actions","POST /api/timesheets/:id/submit - Submit Timesheet"],"duration":2,"failureDetails":[],"failureMessages":[],"fullName":"Timesheet Service Integration Tests Timesheet Actions POST /api/timesheets/:id/submit - Submit Timesheet should submit timesheet for approval","invocations":1,"location":null,"numPassingAsserts":0,"retryReasons":[],"status":"passed","title":"should submit timesheet for approval"},{"ancestorTitles":["Timesheet Service Integration Tests","Timesheet Actions","POST /api/timesheets/:id/approve - Approve Timesheet"],"duration":3,"failureDetails":[],"failureMessages":[],"fullName":"Timesheet Service Integration Tests Timesheet Actions POST /api/timesheets/:id/approve - Approve Timesheet should approve timesheet","invocations":1,"location":null,"numPassingAsserts":0,"retryReasons":[],"status":"passed","title":"should approve timesheet"}],"endTime":1764834629929,"message":"","name":"C:\\Users\\KishoreUdatha\\IdeaProjects\\HRM\\tests\\integration\\timesheet.test.ts","startTime":1764834629747,"status":"passed","summary":""}],"wasInterrupted":false}
